2021-03-12 13:27:17,301 [INFO] Activator:170 - 


2021-03-12 13:27:17,302 [INFO] Activator:171 - !SESSION log4j initialized
2021-03-12 13:27:40,804 [INFO] RetryExec:97 - I/O exception (org.apache.http.NoHttpResponseException) caught when processing request to {s}->https://sw-center.st.com:443: The target server failed to respond
2021-03-12 13:27:40,805 [INFO] RetryExec:113 - Retrying request to {s}->https://sw-center.st.com:443
2021-03-12 13:27:41,143 [INFO] RetryExec:97 - I/O exception (org.apache.http.NoHttpResponseException) caught when processing request to {s}->https://sw-center.st.com:443: The target server failed to respond
2021-03-12 13:27:41,144 [INFO] RetryExec:113 - Retrying request to {s}->https://sw-center.st.com:443
2021-03-12 13:27:42,064 [INFO] RetryExec:97 - I/O exception (org.apache.http.NoHttpResponseException) caught when processing request to {s}->https://sw-center.st.com:443: The target server failed to respond
2021-03-12 13:27:42,064 [INFO] RetryExec:113 - Retrying request to {s}->https://sw-center.st.com:443
2021-03-12 13:27:42,403 [INFO] RetryExec:97 - I/O exception (org.apache.http.NoHttpResponseException) caught when processing request to {s}->https://sw-center.st.com:443: The target server failed to respond
2021-03-12 13:27:42,403 [INFO] RetryExec:113 - Retrying request to {s}->https://sw-center.st.com:443
2021-03-12 13:27:42,717 [INFO] RetryExec:97 - I/O exception (org.apache.http.NoHttpResponseException) caught when processing request to {s}->https://sw-center.st.com:443: The target server failed to respond
2021-03-12 13:27:42,717 [INFO] RetryExec:113 - Retrying request to {s}->https://sw-center.st.com:443
2021-03-12 13:27:43,053 [INFO] RetryExec:97 - I/O exception (org.apache.http.NoHttpResponseException) caught when processing request to {s}->https://sw-center.st.com:443: The target server failed to respond
2021-03-12 13:27:43,054 [INFO] RetryExec:113 - Retrying request to {s}->https://sw-center.st.com:443
2021-03-12 13:27:43,417 [INFO] RetryExec:97 - I/O exception (org.apache.http.NoHttpResponseException) caught when processing request to {s}->https://sw-center.st.com:443: The target server failed to respond
2021-03-12 13:27:43,417 [INFO] RetryExec:113 - Retrying request to {s}->https://sw-center.st.com:443
2021-03-12 13:27:43,778 [INFO] RetryExec:97 - I/O exception (org.apache.http.NoHttpResponseException) caught when processing request to {s}->https://sw-center.st.com:443: The target server failed to respond
2021-03-12 13:27:43,778 [INFO] RetryExec:113 - Retrying request to {s}->https://sw-center.st.com:443
2021-03-12 13:27:44,120 [INFO] RetryExec:97 - I/O exception (org.apache.http.NoHttpResponseException) caught when processing request to {s}->https://sw-center.st.com:443: The target server failed to respond
2021-03-12 13:27:44,120 [INFO] RetryExec:113 - Retrying request to {s}->https://sw-center.st.com:443
2021-03-12 13:27:44,482 [INFO] RetryExec:97 - I/O exception (org.apache.http.NoHttpResponseException) caught when processing request to {s}->https://sw-center.st.com:443: The target server failed to respond
2021-03-12 13:27:44,482 [INFO] RetryExec:113 - Retrying request to {s}->https://sw-center.st.com:443
2021-03-12 13:27:44,874 [INFO] RetryExec:97 - I/O exception (org.apache.http.NoHttpResponseException) caught when processing request to {s}->https://sw-center.st.com:443: The target server failed to respond
2021-03-12 13:27:44,875 [INFO] RetryExec:113 - Retrying request to {s}->https://sw-center.st.com:443
2021-03-12 13:27:45,235 [INFO] RetryExec:97 - I/O exception (org.apache.http.NoHttpResponseException) caught when processing request to {s}->https://sw-center.st.com:443: The target server failed to respond
2021-03-12 13:27:45,235 [INFO] RetryExec:113 - Retrying request to {s}->https://sw-center.st.com:443
2021-03-12 13:27:45,598 [INFO] RetryExec:97 - I/O exception (org.apache.http.NoHttpResponseException) caught when processing request to {s}->https://sw-center.st.com:443: The target server failed to respond
2021-03-12 13:27:45,598 [INFO] RetryExec:113 - Retrying request to {s}->https://sw-center.st.com:443
2021-03-12 13:27:48,325 [INFO] McuFinderGlobals:39 - Set McuFinder mode to 2 (CubeIDE integrated)
2021-03-12 13:27:48,527 [INFO] ApplicationProperties:181 - Using Application install path: C:\ST\STM32CubeIDE_1.6.0\STM32CubeIDE\plugins\com.st.stm32cube.common.mx_6.2.0.202102191602
2021-03-12 13:27:48,535 [INFO] DbMcusXml:74 - Set database path to: C:\ST\STM32CubeIDE_1.6.0\STM32CubeIDE\plugins\com.st.stm32cube.common.mx_6.2.0.202102191602\\db\/mcu/
2021-03-12 13:27:48,537 [INFO] DbBoardsPdsc:56 - Set plugin database path to: C:\ST\STM32CubeIDE_1.6.0\STM32CubeIDE\plugins\com.st.stm32cube.common.mx_6.2.0.202102191602\\db\/plugins/boardmanager/
2021-03-12 13:27:48,537 [INFO] DbMcus:258 - Set plugin images path to: C:\ST\STM32CubeIDE_1.6.0\STM32CubeIDE\plugins\com.st.stm32cube.common.mx_6.2.0.202102191602\\db\/plugins/mcufinder/images/
2021-03-12 13:27:48,537 [INFO] DbBoards:264 - Set plugin images path to: C:\ST\STM32CubeIDE_1.6.0\STM32CubeIDE\plugins\com.st.stm32cube.common.mx_6.2.0.202102191602\\db\/plugins/mcufinder/images/
2021-03-12 13:27:48,539 [INFO] DbExamples:333 - Set plugin images path to: C:\ST\STM32CubeIDE_1.6.0\STM32CubeIDE\plugins\com.st.stm32cube.common.mx_6.2.0.202102191602\\db\/plugins/mcufinder/images/
2021-03-12 13:27:48,543 [INFO] DbMcusAds:85 - Set database path to: C:\Users\hieud\.stmcufinder\plugins\mcufinder//mcu/
2021-03-12 13:27:48,543 [INFO] DbMcusDocs:110 - Set database path to: C:\Users\hieud\.stmcufinder\plugins\mcufinder//mcu/
2021-03-12 13:27:48,545 [INFO] DbMcusJson:65 - Set database path to: C:\Users\hieud\.stmcufinder\plugins\mcufinder//mcu/
2021-03-12 13:27:48,545 [INFO] DbBoardsDocs:110 - Set database path to: C:\Users\hieud\.stmcufinder\plugins\mcufinder//mcu/
2021-03-12 13:27:48,546 [INFO] DbBoardsJson:58 - Set database path to: C:\Users\hieud\.stmcufinder\plugins\mcufinder//mcu/
2021-03-12 13:27:48,676 [INFO] CrossReferenceDbSqlite:196 - Set database path to: C:\Users\hieud\.stmcufinder\plugins\mcufinder//mcu/cs/
2021-03-12 13:27:48,679 [INFO] DbExamplesSqlite:690 - Set database path to: C:\Users\hieud\.stmcufinder\plugins\mcufinder//mcu/
2021-03-12 13:27:48,760 [INFO] RulesReader:52 - Compatibility file has been processed (237 Rules)
2021-03-12 13:27:48,824 [INFO] MicroXplorer:622 - Detected Java Version = 11.0.9.1
2021-03-12 13:27:48,824 [INFO] DbMcusXml:74 - Set database path to: C:\ST\STM32CubeIDE_1.6.0\STM32CubeIDE\plugins\com.st.stm32cube.common.mx_6.2.0.202102191602\\db\/mcu/
2021-03-12 13:27:48,825 [INFO] DbBoardsPdsc:56 - Set plugin database path to: C:\ST\STM32CubeIDE_1.6.0\STM32CubeIDE\plugins\com.st.stm32cube.common.mx_6.2.0.202102191602\\db\/plugins/boardmanager/
2021-03-12 13:27:48,825 [INFO] DbMcus:258 - Set plugin images path to: C:\ST\STM32CubeIDE_1.6.0\STM32CubeIDE\plugins\com.st.stm32cube.common.mx_6.2.0.202102191602\\db\/plugins/mcufinder/images/
2021-03-12 13:27:48,825 [INFO] DbBoards:264 - Set plugin images path to: C:\ST\STM32CubeIDE_1.6.0\STM32CubeIDE\plugins\com.st.stm32cube.common.mx_6.2.0.202102191602\\db\/plugins/mcufinder/images/
2021-03-12 13:27:48,825 [INFO] DbExamples:333 - Set plugin images path to: C:\ST\STM32CubeIDE_1.6.0\STM32CubeIDE\plugins\com.st.stm32cube.common.mx_6.2.0.202102191602\\db\/plugins/mcufinder/images/
2021-03-12 13:27:48,825 [WARN] DbFile:35 - Overriding database path with different value: C:\Users\hieud\.stmcufinder\plugins\mcufinder/ => C:\Users\hieud\.stmcufinder\plugins\mcufinder
2021-03-12 13:27:48,825 [INFO] DbMcusAds:85 - Set database path to: C:\Users\hieud\.stmcufinder\plugins\mcufinder//mcu/
2021-03-12 13:27:48,825 [WARN] DbFile:35 - Overriding database path with different value: C:\Users\hieud\.stmcufinder\plugins\mcufinder/ => C:\Users\hieud\.stmcufinder\plugins\mcufinder
2021-03-12 13:27:48,825 [INFO] DbMcusDocs:110 - Set database path to: C:\Users\hieud\.stmcufinder\plugins\mcufinder//mcu/
2021-03-12 13:27:48,825 [WARN] DbFile:35 - Overriding database path with different value: C:\Users\hieud\.stmcufinder\plugins\mcufinder/ => C:\Users\hieud\.stmcufinder\plugins\mcufinder
2021-03-12 13:27:48,825 [INFO] DbMcusJson:65 - Set database path to: C:\Users\hieud\.stmcufinder\plugins\mcufinder//mcu/
2021-03-12 13:27:48,825 [WARN] DbFile:35 - Overriding database path with different value: C:\Users\hieud\.stmcufinder\plugins\mcufinder/ => C:\Users\hieud\.stmcufinder\plugins\mcufinder
2021-03-12 13:27:48,826 [INFO] DbBoardsDocs:110 - Set database path to: C:\Users\hieud\.stmcufinder\plugins\mcufinder//mcu/
2021-03-12 13:27:48,826 [WARN] DbFile:35 - Overriding database path with different value: C:\Users\hieud\.stmcufinder\plugins\mcufinder/ => C:\Users\hieud\.stmcufinder\plugins\mcufinder
2021-03-12 13:27:48,826 [INFO] DbBoardsJson:58 - Set database path to: C:\Users\hieud\.stmcufinder\plugins\mcufinder//mcu/
2021-03-12 13:27:48,826 [WARN] DbFile:35 - Overriding database path with different value: C:\Users\hieud\.stmcufinder\plugins\mcufinder/ => C:\Users\hieud\.stmcufinder\plugins\mcufinder
2021-03-12 13:27:48,826 [WARN] DbFile:35 - Overriding database path with different value: C:\Users\hieud\.stmcufinder\plugins\mcufinder/ => C:\Users\hieud\.stmcufinder\plugins\mcufinder
2021-03-12 13:27:48,826 [INFO] CrossReferenceDbSqlite:196 - Set database path to: C:\Users\hieud\.stmcufinder\plugins\mcufinder//mcu/cs/
2021-03-12 13:27:48,826 [WARN] DbFile:35 - Overriding database path with different value: C:\Users\hieud\.stmcufinder\plugins\mcufinder/ => C:\Users\hieud\.stmcufinder\plugins\mcufinder
2021-03-12 13:27:48,826 [INFO] DbExamplesSqlite:690 - Set database path to: C:\Users\hieud\.stmcufinder\plugins\mcufinder//mcu/
2021-03-12 13:27:48,871 [INFO] MainPanel:204 - HeapMemory: 278921216
2021-03-12 13:27:48,925 [INFO] DbMcusXml:74 - Set database path to: C:\ST\STM32CubeIDE_1.6.0\STM32CubeIDE\plugins\com.st.stm32cube.common.mx_6.2.0.202102191602\\db\/mcu/
2021-03-12 13:27:48,925 [INFO] DbBoardsPdsc:56 - Set plugin database path to: C:\ST\STM32CubeIDE_1.6.0\STM32CubeIDE\plugins\com.st.stm32cube.common.mx_6.2.0.202102191602\\db\/plugins/boardmanager/
2021-03-12 13:27:48,925 [INFO] DbMcus:258 - Set plugin images path to: C:\ST\STM32CubeIDE_1.6.0\STM32CubeIDE\plugins\com.st.stm32cube.common.mx_6.2.0.202102191602\\db\/plugins/mcufinder/images/
2021-03-12 13:27:48,925 [INFO] DbBoards:264 - Set plugin images path to: C:\ST\STM32CubeIDE_1.6.0\STM32CubeIDE\plugins\com.st.stm32cube.common.mx_6.2.0.202102191602\\db\/plugins/mcufinder/images/
2021-03-12 13:27:48,926 [INFO] DbExamples:333 - Set plugin images path to: C:\ST\STM32CubeIDE_1.6.0\STM32CubeIDE\plugins\com.st.stm32cube.common.mx_6.2.0.202102191602\\db\/plugins/mcufinder/images/
2021-03-12 13:27:48,926 [WARN] DbFile:35 - Overriding database path with different value: C:\Users\hieud\.stmcufinder\plugins\mcufinder/ => C:\Users\hieud\.stmcufinder\plugins\mcufinder
2021-03-12 13:27:48,926 [INFO] DbMcusAds:85 - Set database path to: C:\Users\hieud\.stmcufinder\plugins\mcufinder//mcu/
2021-03-12 13:27:48,926 [WARN] DbFile:35 - Overriding database path with different value: C:\Users\hieud\.stmcufinder\plugins\mcufinder/ => C:\Users\hieud\.stmcufinder\plugins\mcufinder
2021-03-12 13:27:48,926 [INFO] DbMcusDocs:110 - Set database path to: C:\Users\hieud\.stmcufinder\plugins\mcufinder//mcu/
2021-03-12 13:27:48,926 [WARN] DbFile:35 - Overriding database path with different value: C:\Users\hieud\.stmcufinder\plugins\mcufinder/ => C:\Users\hieud\.stmcufinder\plugins\mcufinder
2021-03-12 13:27:48,926 [INFO] DbMcusJson:65 - Set database path to: C:\Users\hieud\.stmcufinder\plugins\mcufinder//mcu/
2021-03-12 13:27:48,926 [WARN] DbFile:35 - Overriding database path with different value: C:\Users\hieud\.stmcufinder\plugins\mcufinder/ => C:\Users\hieud\.stmcufinder\plugins\mcufinder
2021-03-12 13:27:48,926 [INFO] DbBoardsDocs:110 - Set database path to: C:\Users\hieud\.stmcufinder\plugins\mcufinder//mcu/
2021-03-12 13:27:48,926 [WARN] DbFile:35 - Overriding database path with different value: C:\Users\hieud\.stmcufinder\plugins\mcufinder/ => C:\Users\hieud\.stmcufinder\plugins\mcufinder
2021-03-12 13:27:48,927 [INFO] DbBoardsJson:58 - Set database path to: C:\Users\hieud\.stmcufinder\plugins\mcufinder//mcu/
2021-03-12 13:27:48,927 [WARN] DbFile:35 - Overriding database path with different value: C:\Users\hieud\.stmcufinder\plugins\mcufinder/ => C:\Users\hieud\.stmcufinder\plugins\mcufinder
2021-03-12 13:27:48,927 [WARN] DbFile:35 - Overriding database path with different value: C:\Users\hieud\.stmcufinder\plugins\mcufinder/ => C:\Users\hieud\.stmcufinder\plugins\mcufinder
2021-03-12 13:27:48,927 [INFO] CrossReferenceDbSqlite:196 - Set database path to: C:\Users\hieud\.stmcufinder\plugins\mcufinder//mcu/cs/
2021-03-12 13:27:48,927 [WARN] DbFile:35 - Overriding database path with different value: C:\Users\hieud\.stmcufinder\plugins\mcufinder/ => C:\Users\hieud\.stmcufinder\plugins\mcufinder
2021-03-12 13:27:48,927 [INFO] DbExamplesSqlite:690 - Set database path to: C:\Users\hieud\.stmcufinder\plugins\mcufinder//mcu/
2021-03-12 13:27:48,941 [INFO] ApplicationProperties:181 - Using Application install path: C:\ST\STM32CubeIDE_1.6.0\STM32CubeIDE\plugins\com.st.stm32cube.common.mx_6.2.0.202102191602
2021-03-12 13:27:48,942 [INFO] PluginManage:178 - Search for loadable plugins [exclusion list=, ]
2021-03-12 13:27:48,943 [INFO] PluginManage:292 - Check plugin analytics
2021-03-12 13:27:49,071 [INFO] AnalyticsPlugin:233 - Accepted Software Licenses: 
2021-03-12 13:27:49,072 [INFO] AnalyticsPlugin:235 - Accepted CMSIS Pack Licenses: 
2021-03-12 13:27:49,072 [INFO] AnalyticsPlugin:237 - Accepted Firmware Licenses: 
2021-03-12 13:27:49,072 [INFO] PluginManage:342 - Loaded plugin analytics (category:tool,tabindex:-1)
2021-03-12 13:27:49,072 [INFO] PluginManage:292 - Check plugin clock
2021-03-12 13:27:49,081 [INFO] PluginManage:342 - Loaded plugin clock (category:base,tabindex:2)
2021-03-12 13:27:49,081 [INFO] PluginManage:292 - Check plugin ddr
2021-03-12 13:27:49,083 [INFO] PluginManage:342 - Loaded plugin ddr (category:tool,tabindex:6)
2021-03-12 13:27:49,083 [INFO] PluginManage:292 - Check plugin filemanager
2021-03-12 13:27:49,164 [INFO] PluginManage:342 - Loaded plugin filemanager (category:base,tabindex:10)
2021-03-12 13:27:49,165 [INFO] PluginManage:292 - Check plugin ipmanager
2021-03-12 13:27:49,171 [INFO] PluginManage:342 - Loaded plugin ipmanager (category:base,tabindex:5)
2021-03-12 13:27:49,171 [INFO] PluginManage:292 - Check plugin pinoutandconfiguration
2021-03-12 13:27:49,177 [INFO] PluginManage:342 - Loaded plugin pinoutandconfiguration (category:base,tabindex:1)
2021-03-12 13:27:49,177 [INFO] PluginManage:292 - Check plugin pinoutconfig
2021-03-12 13:27:49,198 [INFO] PluginManage:342 - Loaded plugin pinoutconfig (category:base,tabindex:0)
2021-03-12 13:27:49,198 [INFO] PluginManage:292 - Check plugin power
2021-03-12 13:27:49,205 [INFO] PluginManage:342 - Loaded plugin power (category:power,tabindex:4)
2021-03-12 13:27:49,205 [INFO] PluginManage:292 - Check plugin projectmanager
2021-03-12 13:27:49,217 [INFO] PluginManage:342 - Loaded plugin projectmanager (category:projectmanager,tabindex:3)
2021-03-12 13:27:49,217 [INFO] PluginManage:292 - Check plugin thirdparty
2021-03-12 13:27:49,291 [INFO] PluginManage:342 - Loaded plugin thirdparty (category:base,tabindex:-1)
2021-03-12 13:27:49,291 [INFO] PluginManage:292 - Check plugin tools
2021-03-12 13:27:49,291 [WARN] IntegrityCheckThread:59 - waiting for thirdparty lock release [integrity check]
2021-03-12 13:27:49,292 [INFO] IntegrityCheckThread:61 - entering critical section [integrity check]
2021-03-12 13:27:49,292 [INFO] ThirdPartyUpdaterWithRetryManager:56 - Updater plugin not ready yet. [1/15]
2021-03-12 13:27:49,293 [INFO] PluginManage:342 - Loaded plugin tools (category:base,tabindex:7)
2021-03-12 13:27:49,293 [INFO] PluginManage:292 - Check plugin tutovideos
2021-03-12 13:27:49,433 [INFO] PluginManage:342 - Loaded plugin tutovideos (category:base,tabindex:-1)
2021-03-12 13:27:49,434 [INFO] PluginManage:292 - Check plugin updater
2021-03-12 13:27:49,450 [INFO] PluginManage:342 - Loaded plugin updater (category:base,tabindex:12)
2021-03-12 13:27:49,450 [INFO] PluginManage:265 - PluginManage : Loaded plugins [13]
2021-03-12 13:27:49,585 [INFO] PinOutPanel:1435 - setPackage(No Configuration,No Configuration)
2021-03-12 13:27:49,676 [INFO] IPUIPlugin:64 - create IPUIPlugin
2021-03-12 13:27:49,677 [INFO] PluginManager:203 - loadIPPluginJar : add adc
2021-03-12 13:27:49,678 [INFO] IPUIPlugin:64 - create IPUIPlugin
2021-03-12 13:27:49,679 [INFO] PluginManager:203 - loadIPPluginJar : add aes
2021-03-12 13:27:49,680 [INFO] IPUIPlugin:64 - create IPUIPlugin
2021-03-12 13:27:49,681 [INFO] PluginManager:203 - loadIPPluginJar : add can
2021-03-12 13:27:49,682 [INFO] IPUIPlugin:64 - create IPUIPlugin
2021-03-12 13:27:49,682 [INFO] PluginManager:203 - loadIPPluginJar : add comp
2021-03-12 13:27:49,684 [INFO] IPUIPlugin:64 - create IPUIPlugin
2021-03-12 13:27:49,684 [INFO] PluginManager:203 - loadIPPluginJar : add cryp
2021-03-12 13:27:49,686 [INFO] IPUIPlugin:64 - create IPUIPlugin
2021-03-12 13:27:49,687 [INFO] PluginManager:203 - loadIPPluginJar : add dfsdm
2021-03-12 13:27:49,692 [INFO] IPUIPlugin:64 - create IPUIPlugin
2021-03-12 13:27:49,693 [INFO] PluginManager:203 - loadIPPluginJar : add dma
2021-03-12 13:27:49,694 [INFO] IPUIPlugin:64 - create IPUIPlugin
2021-03-12 13:27:49,694 [INFO] PluginManager:203 - loadIPPluginJar : add fatfs
2021-03-12 13:27:49,699 [INFO] IPUIPlugin:64 - create IPUIPlugin
2021-03-12 13:27:49,699 [INFO] PluginManager:203 - loadIPPluginJar : add fmc
2021-03-12 13:27:49,704 [INFO] IPUIPlugin:64 - create IPUIPlugin
2021-03-12 13:27:49,705 [INFO] PluginManager:203 - loadIPPluginJar : add freertos
2021-03-12 13:27:49,706 [INFO] IPUIPlugin:64 - create IPUIPlugin
2021-03-12 13:27:49,706 [INFO] PluginManager:203 - loadIPPluginJar : add genericplugin
2021-03-12 13:27:49,713 [INFO] IPUIPlugin:64 - create IPUIPlugin
2021-03-12 13:27:49,714 [INFO] PluginManager:203 - loadIPPluginJar : add gfxmmu
2021-03-12 13:27:49,720 [INFO] IPUIPlugin:64 - create IPUIPlugin
2021-03-12 13:27:49,720 [INFO] PluginManager:203 - loadIPPluginJar : add gic
2021-03-12 13:27:49,723 [INFO] IPUIPlugin:64 - create IPUIPlugin
2021-03-12 13:27:49,723 [INFO] PluginManager:203 - loadIPPluginJar : add gpio
2021-03-12 13:27:49,725 [INFO] IPUIPlugin:64 - create IPUIPlugin
2021-03-12 13:27:49,725 [INFO] PluginManager:203 - loadIPPluginJar : add gtzc
2021-03-12 13:27:49,727 [INFO] IPUIPlugin:64 - create IPUIPlugin
2021-03-12 13:27:49,727 [INFO] PluginManager:203 - loadIPPluginJar : add hash
2021-03-12 13:27:49,728 [INFO] IPUIPlugin:64 - create IPUIPlugin
2021-03-12 13:27:49,729 [INFO] PluginManager:203 - loadIPPluginJar : add i2c
2021-03-12 13:27:49,730 [INFO] IPUIPlugin:64 - create IPUIPlugin
2021-03-12 13:27:49,730 [INFO] PluginManager:203 - loadIPPluginJar : add i2s
2021-03-12 13:27:49,733 [INFO] IPUIPlugin:64 - create IPUIPlugin
2021-03-12 13:27:49,733 [INFO] PluginManager:203 - loadIPPluginJar : add ipddr
2021-03-12 13:27:49,735 [INFO] IPUIPlugin:64 - create IPUIPlugin
2021-03-12 13:27:49,735 [INFO] PluginManager:203 - loadIPPluginJar : add lorawan
2021-03-12 13:27:49,736 [INFO] IPUIPlugin:64 - create IPUIPlugin
2021-03-12 13:27:49,736 [INFO] PluginManager:203 - loadIPPluginJar : add ltdc
2021-03-12 13:27:49,739 [INFO] IPUIPlugin:64 - create IPUIPlugin
2021-03-12 13:27:49,739 [INFO] PluginManager:203 - loadIPPluginJar : add mdma
2021-03-12 13:27:49,742 [INFO] IPUIPlugin:64 - create IPUIPlugin
2021-03-12 13:27:49,742 [INFO] PluginManager:203 - loadIPPluginJar : add nvic
2021-03-12 13:27:49,744 [INFO] IPUIPlugin:64 - create IPUIPlugin
2021-03-12 13:27:49,744 [INFO] PluginManager:203 - loadIPPluginJar : add opamp
2021-03-12 13:27:49,746 [INFO] IPUIPlugin:64 - create IPUIPlugin
2021-03-12 13:27:49,746 [INFO] PluginManager:203 - loadIPPluginJar : add openamp
2021-03-12 13:27:49,748 [INFO] IPUIPlugin:64 - create IPUIPlugin
2021-03-12 13:27:49,748 [INFO] PluginManager:203 - loadIPPluginJar : add pdm2pcm
2021-03-12 13:27:49,753 [INFO] IPUIPlugin:64 - create IPUIPlugin
2021-03-12 13:27:49,755 [INFO] PluginManager:203 - loadIPPluginJar : add plateformsettings
2021-03-12 13:27:49,756 [INFO] IPUIPlugin:64 - create IPUIPlugin
2021-03-12 13:27:49,756 [INFO] PluginManager:203 - loadIPPluginJar : add quadspi
2021-03-12 13:27:49,758 [INFO] IPUIPlugin:64 - create IPUIPlugin
2021-03-12 13:27:49,758 [INFO] PluginManager:203 - loadIPPluginJar : add resmgrutility
2021-03-12 13:27:49,760 [INFO] IPUIPlugin:64 - create IPUIPlugin
2021-03-12 13:27:49,760 [INFO] PluginManager:203 - loadIPPluginJar : add sai
2021-03-12 13:27:49,762 [INFO] IPUIPlugin:64 - create IPUIPlugin
2021-03-12 13:27:49,762 [INFO] PluginManager:203 - loadIPPluginJar : add spi
2021-03-12 13:27:49,764 [INFO] IPUIPlugin:64 - create IPUIPlugin
2021-03-12 13:27:49,765 [INFO] PluginManager:203 - loadIPPluginJar : add stm32_wpan
2021-03-12 13:27:49,766 [INFO] IPUIPlugin:64 - create IPUIPlugin
2021-03-12 13:27:49,766 [INFO] PluginManager:203 - loadIPPluginJar : add tim
2021-03-12 13:27:49,768 [INFO] IPUIPlugin:64 - create IPUIPlugin
2021-03-12 13:27:49,768 [INFO] PluginManager:203 - loadIPPluginJar : add touchsensing
2021-03-12 13:27:49,769 [INFO] IPUIPlugin:64 - create IPUIPlugin
2021-03-12 13:27:49,769 [INFO] PluginManager:203 - loadIPPluginJar : add tracer_emb
2021-03-12 13:27:49,770 [INFO] IPUIPlugin:64 - create IPUIPlugin
2021-03-12 13:27:49,770 [INFO] PluginManager:203 - loadIPPluginJar : add ts
2021-03-12 13:27:49,771 [INFO] IPUIPlugin:64 - create IPUIPlugin
2021-03-12 13:27:49,771 [INFO] PluginManager:203 - loadIPPluginJar : add tsc
2021-03-12 13:27:49,772 [INFO] IPUIPlugin:64 - create IPUIPlugin
2021-03-12 13:27:49,772 [INFO] PluginManager:203 - loadIPPluginJar : add ucpd
2021-03-12 13:27:49,774 [INFO] IPUIPlugin:64 - create IPUIPlugin
2021-03-12 13:27:49,774 [INFO] PluginManager:203 - loadIPPluginJar : add usart
2021-03-12 13:27:49,996 [FATAL] Updater:284 - Updater called before beeing initialized
2021-03-12 13:27:50,076 [FATAL] Updater:284 - Updater called before beeing initialized
2021-03-12 13:27:50,081 [INFO] DbMcusAds:132 - JSON generation date=Mon Mar 01 05:27:39 EST 2021 (1614594459504)
2021-03-12 13:27:50,081 [FATAL] Updater:284 - Updater called before beeing initialized
2021-03-12 13:27:50,113 [WARN] DetailPanel:315 - Failed to get advertising image, set to default
2021-03-12 13:27:50,313 [FATAL] Updater:284 - Updater called before beeing initialized
2021-03-12 13:27:50,315 [FATAL] Updater:284 - Updater called before beeing initialized
2021-03-12 13:27:50,315 [FATAL] Updater:284 - Updater called before beeing initialized
2021-03-12 13:27:50,315 [WARN] DetailPanel:315 - Failed to get advertising image, set to default
2021-03-12 13:27:50,316 [FATAL] Updater:284 - Updater called before beeing initialized
2021-03-12 13:27:50,359 [FATAL] Updater:284 - Updater called before beeing initialized
2021-03-12 13:27:50,359 [WARN] ThirdParty:796 - waiting for thirdparty lock release [close project]
2021-03-12 13:27:52,297 [INFO] ThirdPartyUpdaterWithRetryManager:56 - Updater plugin not ready yet. [2/15]
2021-03-12 13:27:53,418 [INFO] RetryExec:97 - I/O exception (org.apache.http.NoHttpResponseException) caught when processing request to {}->http://sw-center.st.com:80: The target server failed to respond
2021-03-12 13:27:53,418 [INFO] RetryExec:113 - Retrying request to {}->http://sw-center.st.com:80
2021-03-12 13:27:54,329 [INFO] RetryExec:97 - I/O exception (org.apache.http.NoHttpResponseException) caught when processing request to {}->http://sw-center.st.com:80: The target server failed to respond
2021-03-12 13:27:54,330 [INFO] RetryExec:113 - Retrying request to {}->http://sw-center.st.com:80
2021-03-12 13:27:55,312 [FATAL] Updater:284 - Updater called before beeing initialized
2021-03-12 13:27:55,313 [ERROR] AbstractThirdPartyUpdaterManager:153 - class java.lang.Integer cannot be cast to class java.util.List (java.lang.Integer and java.util.List are in module java.base of loader 'bootstrap')
2021-03-12 13:27:55,313 [INFO] ThirdParty:900 - Integrity check success = false
2021-03-12 13:27:55,313 [INFO] IntegrityCheckThread:75 - exiting critical section [integrity check]
2021-03-12 13:27:55,313 [INFO] IntegrityCheckThread:78 - End integrity checks thread
2021-03-12 13:27:55,313 [INFO] ThirdParty:798 - entering critical section [close project]
2021-03-12 13:27:55,315 [INFO] ThirdParty:809 - exiting critical section [close project]
2021-03-12 13:27:55,317 [INFO] PinOutPanel:1435 - setPackage(No Configuration,No Configuration)
2021-03-12 13:27:55,318 [FATAL] Updater:284 - Updater called before beeing initialized
2021-03-12 13:27:55,324 [INFO] Updater:1002 - Updater Version found : 6.2.0
2021-03-12 13:27:55,337 [INFO] ApplicationProperties:181 - Using Application install path: C:\ST\STM32CubeIDE_1.6.0\STM32CubeIDE\plugins\com.st.stm32cube.common.mx_6.2.0.202102191602
2021-03-12 13:27:55,448 [INFO] MainUpdater:2661 - connection check result : 10
2021-03-12 13:27:55,449 [INFO] MainUpdater:255 - Updater Check For Update Now.
2021-03-12 13:27:55,449 [INFO] MicroXplorer:472 - Change Database Version : DB.6.0.20
2021-03-12 13:27:55,489 [INFO] CheckServerUpdateThread:102 - End of CheckServer Thread
2021-03-12 13:27:55,558 [INFO] MainUpdater:2661 - connection check result : 10
2021-03-12 13:27:55,800 [INFO] CrossSelectorPresenter:1330 - Cross Selector saved comparison directory: C:\Users\hieud\.stmcufinder\plugins\mcufinder\mcu\cs_comparisons_mx
2021-03-12 13:27:55,804 [INFO] MultiScanPanel:200 - Auto-refresh data requested => check proxy status ongoing
2021-03-12 13:27:55,809 [INFO] FinderPluginLoader:87 - Searching for filters in installed packs
2021-03-12 13:27:55,810 [INFO] DbMcusXml:100 - Load MCU database from C:\ST\STM32CubeIDE_1.6.0\STM32CubeIDE\plugins\com.st.stm32cube.common.mx_6.2.0.202102191602\\db\/mcu/families.xml
2021-03-12 13:27:56,402 [INFO] DbMcusJson:94 - JSON generation date=Mon Feb 08 08:35:07 EST 2021 (1612791307)
2021-03-12 13:27:56,947 [INFO] DbMcus:175 - Found 1906 MCUs (1866 are supported by CubeMX, 1866 are visible in CubeMX)
2021-03-12 13:27:56,948 [INFO] ApiDb:251 - Load user favorites file C:\Users\hieud/.stm32cubeide/favorites.mcus.txt: 0 item(s)
2021-03-12 13:27:56,948 [INFO] ApiDb:255 - User favorites MCUs=[]
2021-03-12 13:27:56,948 [INFO] DbMcus:187 - Set 0 / 0 favorites MCUs
2021-03-12 13:27:57,378 [WARN] DetailPanel:315 - Failed to get advertising image, set to default
2021-03-12 13:27:57,615 [INFO] MultiScanPanel:731 - adjusting invalid saved split location: -0.36
2021-03-12 13:27:57,685 [INFO] MultiScanPanel:731 - adjusting invalid saved split location: -0.36
2021-03-12 13:27:57,737 [INFO] DbBoardsPdsc:90 - Found 24 items
2021-03-12 13:27:57,739 [INFO] DbBoardsPdsc:90 - Found 9 items
2021-03-12 13:27:57,742 [INFO] DbBoardsPdsc:90 - Found 33 items
2021-03-12 13:27:57,743 [INFO] DbBoardsPdsc:90 - Found 1 items
2021-03-12 13:27:57,748 [INFO] DbBoardsPdsc:90 - Found 46 items
2021-03-12 13:27:57,754 [INFO] DbBoardsPdsc:90 - Found 41 items
2021-03-12 13:27:57,755 [INFO] DbBoardsPdsc:90 - Found 2 items
2021-03-12 13:27:57,756 [INFO] DbBoardsPdsc:90 - Found 5 items
2021-03-12 13:27:57,758 [WARN] DbBoardsPdsc:254 - Board NUCLEO-WB15CC: unknown feature type=, name=, username=Three user LEDs, n=1
2021-03-12 13:27:57,759 [WARN] DbBoardsPdsc:254 - Board NUCLEO-WB15CC: unknown feature type=, name=, username=One reset and three user push-buttons, n=1
2021-03-12 13:27:57,759 [WARN] DbBoardsPdsc:254 - Board NUCLEO-WB15CC: unknown feature type=, name=, username=Arduino Uno V3 expansion connector, n=1
2021-03-12 13:27:57,759 [WARN] DbBoardsPdsc:254 - Board NUCLEO-WB15CC: unknown feature type=, name=, username=ST morpho extension pin headers for full access to all STM32WB I/Os, n=1
2021-03-12 13:27:57,759 [WARN] DbBoardsPdsc:254 - Board NUCLEO-WB15CC: unknown feature type=, name=, username=Integrated PCB antenna and SMA connector footprint, n=1
2021-03-12 13:27:57,759 [WARN] DbBoardsPdsc:254 - Board NUCLEO-WB15CC: unknown feature type=, name=, username=Flexible power-supply options: ST-LINK, USB VBUS, or external sources, n=1
2021-03-12 13:27:57,759 [WARN] DbBoardsPdsc:254 - Board NUCLEO-WB15CC: unknown feature type=, name=, username=On-board footprint to mount a CR2032 battery socket, n=1
2021-03-12 13:27:57,759 [WARN] DbBoardsPdsc:254 - Board NUCLEO-WB15CC: unknown feature type=, name=, username=On-board ST-LINK/V2-1 debugger/programmer with USB re-enumeration capability: mass storage, Virtual COM port, and debug port, n=1
2021-03-12 13:27:57,759 [WARN] DbBoardsPdsc:254 - Board NUCLEO-WB15CC: unknown feature type=, name=, username=Comprehensive free software libraries and examples available with the STM32CubeWB MCU Package, n=1
2021-03-12 13:27:57,759 [WARN] DbBoardsPdsc:254 - Board NUCLEO-WB15CC: unknown feature type=, name=, username=Support of a wide choice of Integrated Development Environments (IDEs) including IAR Embedded Workbench, MDK-ARM, STM32CubeIDE, and Mbed Studio, n=1
2021-03-12 13:27:57,761 [WARN] DbBoardsPdsc:254 - Board STM32H7B3I-DK: unknown feature type=Audio, name=, username=Audio stereo codec with Headphone Amp (CS42L51-CNZ), n=1
2021-03-12 13:27:57,761 [WARN] DbBoardsPdsc:254 - Board STM32H735G-DK: unknown feature type=Audio, name=, username=Audio stereo codec with Headphone Amp (WM8994ECS/R), n=1
2021-03-12 13:27:57,761 [WARN] DbBoardsPdsc:254 - Board STM32WB5MM-DK: unknown feature type=, name=, username=Time-of-Flight and gesture-detection sensor, n=1
2021-03-12 13:27:57,761 [WARN] DbBoardsPdsc:254 - Board STM32WB5MM-DK: unknown feature type=, name=, username=3 push-buttons (2 users and 1 reset) and 1 touch key button, n=1
2021-03-12 13:27:57,761 [WARN] DbBoardsPdsc:254 - Board STM32WB5MM-DK: unknown feature type=, name=, username=Flexible power-supply options: ST-LINK/V2-1 USB connector, 5 V delivered by ARDUINO® or external connector, USB charger, or USB power, n=1
2021-03-12 13:27:57,762 [WARN] DbBoardsPdsc:254 - Board STM32WB5MM-DK: unknown feature type=, name=, username=On-board ST-LINK/V2-1 debugger/programmer with USB re-enumeration capability: Virtual COM port and debug port, n=1
2021-03-12 13:27:57,762 [WARN] DbBoardsPdsc:254 - Board STM32WB5MM-DK: unknown feature type=, name=, username=Comprehensive free software libraries and examples available with the STM32CubeWB MCU Package, n=1
2021-03-12 13:27:57,762 [WARN] DbBoardsPdsc:254 - Board STM32WB5MM-DK: unknown feature type=, name=, username=Support of a wide choice of Integrated Development Environments (IDEs) including IAR Embedded Workbench®, MDK-ARM, and STM32CubeIDE, n=1
2021-03-12 13:27:57,763 [WARN] DbBoardsPdsc:254 - Board STM32H7B3I-EVAL: unknown feature type=Audio, name=, username=Multi-Channel Audio Codec (CS42L51-CNZ), n=1
2021-03-12 13:27:57,763 [WARN] DbBoardsPdsc:254 - Board STM32H7B3I-EVAL: unknown feature type=Meter, name=, username=Power-metering and Temperature-monitoring with sigma-delta modulators, n=1
2021-03-12 13:27:57,763 [WARN] DbBoardsPdsc:254 - Board STM32H7B3I-EVAL: unknown feature type=Motor, name=, username=Motor Control, n=1
2021-03-12 13:27:57,783 [INFO] DbBoardsJson:87 - JSON generation date=Thu Feb 04 11:53:45 EST 2021 (1612457625)
2021-03-12 13:27:57,789 [INFO] DbBoards:117 - Found 161 boards (158 are supported by CubeMX)
2021-03-12 13:27:57,797 [INFO] DbBoardsDocs:143 - JSON generation date=Mon Feb 08 08:35:07 EST 2021 (1612791307)
2021-03-12 13:27:57,814 [INFO] DbBoardsDocs:79 - Found 193 boards documents
2021-03-12 13:27:57,814 [WARN] DbBoards:127 - board B-L462E-CELL1 has no document id list !
2021-03-12 13:27:57,815 [WARN] DbBoards:127 - board B-L475E-IOT01A2 has no document id list !
2021-03-12 13:27:57,816 [WARN] DbBoards:127 - board NUCLEO-G0B1RE has no document id list !
2021-03-12 13:27:57,816 [WARN] DbBoards:127 - board NUCLEO-H743ZI2 has no document id list !
2021-03-12 13:27:57,816 [WARN] DbBoards:127 - board NUCLEO-L4A6ZG has no document id list !
2021-03-12 13:27:57,817 [WARN] DbBoards:127 - board NUCLEO-WB15CC has no document id list !
2021-03-12 13:27:57,817 [WARN] DbBoards:127 - board NUCLEO-WB55RG has no document id list !
2021-03-12 13:27:57,817 [WARN] DbBoards:127 - board NUCLEO-WL55JC2 has no document id list !
2021-03-12 13:27:57,817 [WARN] DbBoards:127 - board P-NUCLEO-WB55-Nucleo has no document id list !
2021-03-12 13:27:57,817 [WARN] DbBoards:127 - board P-NUCLEO-WB55-USBDongle has no document id list !
2021-03-12 13:27:57,817 [WARN] DbBoards:127 - board STEVAL-BFA001V1B has no document id list !
2021-03-12 13:27:57,817 [WARN] DbBoards:127 - board STEVAL-BFA001V2B has no document id list !
2021-03-12 13:27:57,817 [WARN] DbBoards:127 - board STEVAL-IDP005V1 has no document id list !
2021-03-12 13:27:57,817 [WARN] DbBoards:127 - board STEVAL-IDP005V2 has no document id list !
2021-03-12 13:27:57,817 [WARN] DbBoards:127 - board STEVAL-MKSBOX1V1 has no document id list !
2021-03-12 13:27:57,817 [WARN] DbBoards:127 - board STEVAL-STWINKT1 has no document id list !
2021-03-12 13:27:57,818 [WARN] DbBoards:127 - board STEVAL-STWINKT1B has no document id list !
2021-03-12 13:27:57,818 [WARN] DbBoards:127 - board STM32F401C-DISCO has no document id list !
2021-03-12 13:27:57,819 [WARN] DbBoards:127 - board STM32F769I-DISC1 has no document id list !
2021-03-12 13:27:57,819 [WARN] DbBoards:127 - board STM32G0C1E-EV has no document id list !
2021-03-12 13:27:57,819 [WARN] DbBoards:127 - board STM32G474E-EVAL1 has no document id list !
2021-03-12 13:27:57,819 [WARN] DbBoards:127 - board STM32H743I-EVAL2 has no document id list !
2021-03-12 13:27:57,819 [WARN] DbBoards:127 - board STM32H747I-DISC1 has no document id list !
2021-03-12 13:27:57,820 [WARN] DbBoards:127 - board STM32H753I-EVAL2 has no document id list !
2021-03-12 13:27:57,820 [WARN] DbBoards:127 - board STM32L-DISCOVERY has no document id list !
2021-03-12 13:27:57,820 [WARN] DbBoards:127 - board STM32MP157A-DK1 has no document id list !
2021-03-12 13:27:57,820 [WARN] DbBoards:127 - board STM32MP157F-DK2 has no document id list !
2021-03-12 13:27:57,821 [WARN] DbBoards:127 - board STM32MP157F-EV1 has no document id list !
2021-03-12 13:27:57,821 [WARN] DbBoards:127 - board STM32WB5MM-DK has no document id list !
2021-03-12 13:27:58,973 [INFO] ApiDb:251 - Load user favorites file C:\Users\hieud/.stm32cubeide/favorites.boards.txt: 0 item(s)
2021-03-12 13:27:58,974 [INFO] ApiDb:255 - User favorites Boards=[]
2021-03-12 13:27:58,974 [INFO] DbBoards:206 - Set 0 / 0 favorites Boards
2021-03-12 13:27:59,229 [INFO] MultiScanPanel:731 - adjusting invalid saved split location: -0.36
2021-03-12 13:27:59,320 [INFO] MultiScanPanel:200 - Auto-refresh data requested => check proxy status ongoing
2021-03-12 13:27:59,361 [WARN] DetailPanel:315 - Failed to get advertising image, set to default
2021-03-12 13:27:59,371 [INFO] MultiScanPanel:731 - adjusting invalid saved split location: -0.36
2021-03-12 13:27:59,396 [INFO] MultiScanPanel:731 - adjusting invalid saved split location: -0.36
2021-03-12 13:27:59,418 [INFO] MultiScanPanel:731 - adjusting invalid saved split location: -0.36
2021-03-12 13:27:59,442 [INFO] MultiScanPanel:200 - Auto-refresh data requested => check proxy status ongoing
2021-03-12 13:27:59,543 [INFO] ApiDb:479 - Connected to CubeFinder SQLite database (C:\Users\hieud\.stmcufinder\plugins\mcufinder\mcu\cube-finder-db.db)
2021-03-12 13:27:59,984 [INFO] DbExamplesSqlite:401 - Ignored 35 examples not supported by CubeIDE
2021-03-12 13:27:59,985 [INFO] DbExamplesSqlite:402 - Found 4966 examples active
2021-03-12 13:27:59,985 [INFO] DbExamplesSqlite:403 - Found 130 examples obsolete
2021-03-12 13:27:59,985 [INFO] DbExamplesSqlite:404 - Found 0 examples under development
2021-03-12 13:27:59,985 [INFO] DbExamplesSqlite:405 - Found 76 examples not building
2021-03-12 13:28:00,001 [INFO] DbExamplesSqlite:104 - CubeFinder database Data Model version=2.1
2021-03-12 13:28:00,001 [INFO] DbExamplesSqlite:105 - CubeFinder database Configuration version=2.16
2021-03-12 13:28:00,002 [INFO] DbExamplesSqlite:106 - CubeFinder database generation date=2021-02-19 (1613729613)
2021-03-12 13:28:00,002 [INFO] DbExamplesSqlite:107 - CubeFinder database FW Pack versions=[STM32Cube_FW_F4_V1.26.0, STM32Cube_FW_F7_V1.16.0, STM32Cube_FW_G0_V1.4.0, STM32Cube_FW_G4_V1.4.0, STM32Cube_FW_H7_V1.9.0, STM32Cube_FW_L5_V1.4.0, STM32Cube_FW_WB_V1.11.0, STM32Cube_FW_WL_V1.0.0, X-CUBE-AZRTOS-H7_V1.0.0, X-CUBE-BLE2_V3.2.0, X-CUBE-GNSS1_V5.2.0]
2021-03-12 13:28:00,003 [INFO] DbExamples:130 - Found 5007 examples
2021-03-12 13:28:00,531 [ERROR] DbExamples:206 - Found 300 examples with invalid data (board or MCU)
2021-03-12 13:28:00,532 [INFO] DbExamples:222 - Found 63 boards with related examples
2021-03-12 13:28:00,540 [INFO] DbExamples:235 - Found 51 MCUs with related examples
2021-03-12 13:28:00,554 [INFO] ApiDb:251 - Load user favorites file C:\Users\hieud/.stm32cubeide/favorites.examples.txt: 0 item(s)
2021-03-12 13:28:00,554 [INFO] ApiDb:255 - User favorites Examples=[]
2021-03-12 13:28:00,554 [INFO] DbExamples:256 - Set 0 / 0 favorites Examples
2021-03-12 13:28:00,790 [INFO] SoftwarePacks:121 - Download is needed for SW pack 'STM32Cube_FW_F4_V1.26.0'
2021-03-12 13:28:00,791 [INFO] SoftwarePacks:121 - Download is needed for SW pack 'STM32Cube_FW_F7_V1.16.0'
2021-03-12 13:28:00,793 [INFO] SoftwarePacks:121 - Download is needed for SW pack 'STM32Cube_FW_G0_V1.4.0'
2021-03-12 13:28:00,795 [INFO] SoftwarePacks:121 - Download is needed for SW pack 'STM32Cube_FW_G4_V1.4.0'
2021-03-12 13:28:00,796 [INFO] SoftwarePacks:125 - Found SW pack 'STM32Cube_FW_H7_V1.9.0' up-to-date on disk.
2021-03-12 13:28:00,798 [INFO] SoftwarePacks:121 - Download is needed for SW pack 'STM32Cube_FW_L5_V1.4.0'
2021-03-12 13:28:00,799 [INFO] SoftwarePacks:121 - Download is needed for SW pack 'STM32Cube_FW_WB_V1.11.0'
2021-03-12 13:28:00,801 [INFO] SoftwarePacks:121 - Download is needed for SW pack 'STM32Cube_FW_WL_V1.0.0'
2021-03-12 13:28:00,801 [INFO] SoftwarePacks:121 - Download is needed for SW pack 'X-CUBE-AZRTOS-H7_V1.0.0'
2021-03-12 13:28:00,801 [INFO] SoftwarePacks:121 - Download is needed for SW pack 'X-CUBE-BLE2_V3.2.0'
2021-03-12 13:28:00,801 [INFO] SoftwarePacks:121 - Download is needed for SW pack 'X-CUBE-GNSS1_V5.2.0'
2021-03-12 13:28:01,688 [WARN] DetailPanel:315 - Failed to get advertising image, set to default
2021-03-12 13:28:47,227 [INFO] SoftwarePacks:184 - Size of SW pack 'STM32Cube_FW_H7_V1.9.0' is: 1058.0 MB
2021-03-12 13:29:15,925 [INFO] ExampleToolKit:600 - [info] 2021/03/12 13:29:15
2021-03-12 13:29:15,925 [INFO] ExampleToolKit:650 - [info] Start Project: GPIO_EXTI
2021-03-12 13:29:15,926 [WARN] ExampleToolKit:712 - [WARNING] IDE PROJECT 'STM32CubeIDE' NOT FOUND
2021-03-12 13:29:15,926 [INFO] ExampleToolKit:744 - [info] Project path: C:\Users\hieud\Documents\stm32-mcu\BMS_Modules\GPIO_EXTI
2021-03-12 13:29:16,008 [WARN] ExampleToolKit:1990 - [WARNING] IDE PROJECT 'STM32CubeIDE'NOT FOUND
2021-03-12 13:29:16,031 [INFO] ExampleToolKit:997 - [info] SW Package located in: C:\Users\hieud\STM32Cube\Repository\STM32Cube_FW_H7_V1.9.0
2021-03-12 13:29:16,031 [INFO] ExampleToolKit:1002 - [info] SW Package copy: LITE
2021-03-12 13:29:20,033 [WARN] ExampleToolKit:2693 - SW4STM32: Mismatch example name vs IDE example name
2021-03-12 13:29:20,033 [WARN] ExampleToolKit:2699 - SW4STM32: Rename IDE example name from: STM32H743ZI_Nucleo to: GPIO_EXTI
2021-03-12 13:29:20,054 [INFO] ExampleToolKit:816 - [info] Project 'GPIO_EXTI' installed successfully
2021-03-12 13:29:20,054 [INFO] ExampleToolKit:842 - [info] 2021/03/12 13:29:20
2021-03-12 13:29:20,054 [INFO] ExampleToolKit:961 - [info] Elapsed time: 0h 0m 4s 134ms
2021-03-12 13:29:20,340 [ERROR] LogOutputStream:74 - [STDERR_REDIRECT] Managed Build system manifest file error: Option fr.ac6.managedbuild.option.gnu.cross.prefix.1065548310 uses a null category that is invalid in its context. The option was ignored.
2021-03-12 13:29:20,342 [ERROR] LogOutputStream:74 - [STDERR_REDIRECT] Managed Build system manifest file error: Option fr.ac6.managedbuild.option.gnu.cross.mcu.1874267699 uses a null category that is invalid in its context. The option was ignored.
2021-03-12 13:29:20,344 [ERROR] LogOutputStream:74 - [STDERR_REDIRECT] Managed Build system manifest file error: Option fr.ac6.managedbuild.option.gnu.cross.board.1565757449 uses a null category that is invalid in its context. The option was ignored.
2021-03-12 13:29:20,346 [ERROR] LogOutputStream:74 - [STDERR_REDIRECT] Managed Build system manifest file error: Option fr.ac6.managedbuild.option.gnu.cross.instructionSet.1150733637 uses a null category that is invalid in its context. The option was ignored.
2021-03-12 13:29:20,348 [ERROR] LogOutputStream:74 - [STDERR_REDIRECT] Managed Build system manifest file error: Option fr.ac6.managedbuild.option.gnu.cross.fpu.629930458 uses a null category that is invalid in its context. The option was ignored.
2021-03-12 13:29:20,351 [ERROR] LogOutputStream:74 - [STDERR_REDIRECT] Managed Build system manifest file error: Option fr.ac6.managedbuild.option.gnu.cross.floatabi.1756568771 uses a null category that is invalid in its context. The option was ignored.
2021-03-12 13:29:21,364 [INFO] ApiDb:276 - Save user favorites file C:\Users\hieud/.stm32cubeide/favorites.mcus.txt: 0 item(s)
2021-03-12 13:29:21,365 [INFO] ApiDb:280 - User favorites MCUs=[]
2021-03-12 13:29:21,366 [INFO] ApiDb:276 - Save user favorites file C:\Users\hieud/.stm32cubeide/favorites.boards.txt: 0 item(s)
2021-03-12 13:29:21,366 [INFO] ApiDb:280 - User favorites Boards=[]
2021-03-12 13:29:21,368 [INFO] ApiDb:276 - Save user favorites file C:\Users\hieud/.stm32cubeide/favorites.examples.txt: 0 item(s)
2021-03-12 13:29:21,368 [INFO] ApiDb:280 - User favorites Examples=[]
