2020-12-30 17:34:59,146 [INFO] Activator:170 - 


2020-12-30 17:34:59,148 [INFO] Activator:171 - !SESSION log4j initialized
2020-12-30 17:43:08,739 [INFO] Activator:170 - 


2020-12-30 17:43:08,742 [INFO] Activator:171 - !SESSION log4j initialized
2020-12-30 17:49:27,807 [INFO] Activator:170 - 


2020-12-30 17:49:27,809 [INFO] Activator:171 - !SESSION log4j initialized
2020-12-30 17:50:15,735 [INFO] McuFinderGlobals:40 - Set McuFinder mode to 2 (CubeIDE integrated)
2020-12-30 17:50:19,451 [INFO] ApplicationProperties:181 - Using Application install path: C:\ST\STM32CubeIDE_1.5.0\STM32CubeIDE\plugins\com.st.stm32cube.common.mx_6.1.1.202012091304
2020-12-30 17:50:19,466 [INFO] DbMcusXml:71 - Set database path to: C:\ST\STM32CubeIDE_1.5.0\STM32CubeIDE\plugins\com.st.stm32cube.common.mx_6.1.1.202012091304\\db\/mcu/
2020-12-30 17:50:19,471 [INFO] DbBoardsPdsc:57 - Set plugin database path to: C:\ST\STM32CubeIDE_1.5.0\STM32CubeIDE\plugins\com.st.stm32cube.common.mx_6.1.1.202012091304\\db\/plugins/boardmanager/
2020-12-30 17:50:19,472 [INFO] DbMcus:259 - Set plugin images path to: C:\ST\STM32CubeIDE_1.5.0\STM32CubeIDE\plugins\com.st.stm32cube.common.mx_6.1.1.202012091304\\db\/plugins/mcufinder/images/
2020-12-30 17:50:19,472 [INFO] DbBoards:265 - Set plugin images path to: C:\ST\STM32CubeIDE_1.5.0\STM32CubeIDE\plugins\com.st.stm32cube.common.mx_6.1.1.202012091304\\db\/plugins/mcufinder/images/
2020-12-30 17:50:19,493 [INFO] DbExamples:329 - Set plugin images path to: C:\ST\STM32CubeIDE_1.5.0\STM32CubeIDE\plugins\com.st.stm32cube.common.mx_6.1.1.202012091304\\db\/plugins/mcufinder/images/
2020-12-30 17:50:19,500 [INFO] DbMcusDocs:112 - Set database path to: C:\Users\doria\.stmcufinder\plugins\mcufinder//mcu/
2020-12-30 17:50:19,504 [INFO] DbMcusJson:63 - Set database path to: C:\Users\doria\.stmcufinder\plugins\mcufinder//mcu/
2020-12-30 17:50:19,506 [INFO] DbBoardsDocs:112 - Set database path to: C:\Users\doria\.stmcufinder\plugins\mcufinder//mcu/
2020-12-30 17:50:19,508 [INFO] DbBoardsJson:56 - Set database path to: C:\Users\doria\.stmcufinder\plugins\mcufinder//mcu/
2020-12-30 17:50:19,593 [INFO] CrossReferenceDbSqlite:196 - Set database path to: C:\Users\doria\.stmcufinder\plugins\mcufinder//mcu/cs/
2020-12-30 17:50:19,598 [INFO] DbExamplesSqlite:699 - Set database path to: C:\Users\doria\.stmcufinder\plugins\mcufinder//mcu/
2020-12-30 17:50:19,735 [INFO] RulesReader:52 - Compatibility file has been processed (228 Rules)
2020-12-30 17:50:19,878 [INFO] MicroXplorer:565 - Detected Java Version = 1.8.0_272
2020-12-30 17:50:19,878 [INFO] DbMcusXml:71 - Set database path to: C:\ST\STM32CubeIDE_1.5.0\STM32CubeIDE\plugins\com.st.stm32cube.common.mx_6.1.1.202012091304\\db\/mcu/
2020-12-30 17:50:19,880 [INFO] DbBoardsPdsc:57 - Set plugin database path to: C:\ST\STM32CubeIDE_1.5.0\STM32CubeIDE\plugins\com.st.stm32cube.common.mx_6.1.1.202012091304\\db\/plugins/boardmanager/
2020-12-30 17:50:19,880 [INFO] DbMcus:259 - Set plugin images path to: C:\ST\STM32CubeIDE_1.5.0\STM32CubeIDE\plugins\com.st.stm32cube.common.mx_6.1.1.202012091304\\db\/plugins/mcufinder/images/
2020-12-30 17:50:19,880 [INFO] DbBoards:265 - Set plugin images path to: C:\ST\STM32CubeIDE_1.5.0\STM32CubeIDE\plugins\com.st.stm32cube.common.mx_6.1.1.202012091304\\db\/plugins/mcufinder/images/
2020-12-30 17:50:19,881 [INFO] DbExamples:329 - Set plugin images path to: C:\ST\STM32CubeIDE_1.5.0\STM32CubeIDE\plugins\com.st.stm32cube.common.mx_6.1.1.202012091304\\db\/plugins/mcufinder/images/
2020-12-30 17:50:19,881 [WARN] DbFile:36 - Overriding database path with different value: C:\Users\doria\.stmcufinder\plugins\mcufinder/ => C:\Users\doria\.stmcufinder\plugins\mcufinder
2020-12-30 17:50:19,881 [INFO] DbMcusDocs:112 - Set database path to: C:\Users\doria\.stmcufinder\plugins\mcufinder//mcu/
2020-12-30 17:50:19,881 [WARN] DbFile:36 - Overriding database path with different value: C:\Users\doria\.stmcufinder\plugins\mcufinder/ => C:\Users\doria\.stmcufinder\plugins\mcufinder
2020-12-30 17:50:19,882 [INFO] DbMcusJson:63 - Set database path to: C:\Users\doria\.stmcufinder\plugins\mcufinder//mcu/
2020-12-30 17:50:19,882 [WARN] DbFile:36 - Overriding database path with different value: C:\Users\doria\.stmcufinder\plugins\mcufinder/ => C:\Users\doria\.stmcufinder\plugins\mcufinder
2020-12-30 17:50:19,882 [INFO] DbBoardsDocs:112 - Set database path to: C:\Users\doria\.stmcufinder\plugins\mcufinder//mcu/
2020-12-30 17:50:19,882 [WARN] DbFile:36 - Overriding database path with different value: C:\Users\doria\.stmcufinder\plugins\mcufinder/ => C:\Users\doria\.stmcufinder\plugins\mcufinder
2020-12-30 17:50:19,882 [INFO] DbBoardsJson:56 - Set database path to: C:\Users\doria\.stmcufinder\plugins\mcufinder//mcu/
2020-12-30 17:50:19,883 [WARN] DbFile:36 - Overriding database path with different value: C:\Users\doria\.stmcufinder\plugins\mcufinder/ => C:\Users\doria\.stmcufinder\plugins\mcufinder
2020-12-30 17:50:19,883 [WARN] DbFile:36 - Overriding database path with different value: C:\Users\doria\.stmcufinder\plugins\mcufinder/ => C:\Users\doria\.stmcufinder\plugins\mcufinder
2020-12-30 17:50:19,883 [INFO] CrossReferenceDbSqlite:196 - Set database path to: C:\Users\doria\.stmcufinder\plugins\mcufinder//mcu/cs/
2020-12-30 17:50:19,883 [WARN] DbFile:36 - Overriding database path with different value: C:\Users\doria\.stmcufinder\plugins\mcufinder/ => C:\Users\doria\.stmcufinder\plugins\mcufinder
2020-12-30 17:50:19,883 [INFO] DbExamplesSqlite:699 - Set database path to: C:\Users\doria\.stmcufinder\plugins\mcufinder//mcu/
2020-12-30 17:50:19,958 [INFO] MainPanel:190 - HeapMemory: 611319808
2020-12-30 17:50:20,011 [INFO] DbMcusXml:71 - Set database path to: C:\ST\STM32CubeIDE_1.5.0\STM32CubeIDE\plugins\com.st.stm32cube.common.mx_6.1.1.202012091304\\db\/mcu/
2020-12-30 17:50:20,011 [INFO] DbBoardsPdsc:57 - Set plugin database path to: C:\ST\STM32CubeIDE_1.5.0\STM32CubeIDE\plugins\com.st.stm32cube.common.mx_6.1.1.202012091304\\db\/plugins/boardmanager/
2020-12-30 17:50:20,012 [INFO] DbMcus:259 - Set plugin images path to: C:\ST\STM32CubeIDE_1.5.0\STM32CubeIDE\plugins\com.st.stm32cube.common.mx_6.1.1.202012091304\\db\/plugins/mcufinder/images/
2020-12-30 17:50:20,012 [INFO] DbBoards:265 - Set plugin images path to: C:\ST\STM32CubeIDE_1.5.0\STM32CubeIDE\plugins\com.st.stm32cube.common.mx_6.1.1.202012091304\\db\/plugins/mcufinder/images/
2020-12-30 17:50:20,012 [INFO] DbExamples:329 - Set plugin images path to: C:\ST\STM32CubeIDE_1.5.0\STM32CubeIDE\plugins\com.st.stm32cube.common.mx_6.1.1.202012091304\\db\/plugins/mcufinder/images/
2020-12-30 17:50:20,012 [WARN] DbFile:36 - Overriding database path with different value: C:\Users\doria\.stmcufinder\plugins\mcufinder/ => C:\Users\doria\.stmcufinder\plugins\mcufinder
2020-12-30 17:50:20,013 [INFO] DbMcusDocs:112 - Set database path to: C:\Users\doria\.stmcufinder\plugins\mcufinder//mcu/
2020-12-30 17:50:20,013 [WARN] DbFile:36 - Overriding database path with different value: C:\Users\doria\.stmcufinder\plugins\mcufinder/ => C:\Users\doria\.stmcufinder\plugins\mcufinder
2020-12-30 17:50:20,013 [INFO] DbMcusJson:63 - Set database path to: C:\Users\doria\.stmcufinder\plugins\mcufinder//mcu/
2020-12-30 17:50:20,013 [WARN] DbFile:36 - Overriding database path with different value: C:\Users\doria\.stmcufinder\plugins\mcufinder/ => C:\Users\doria\.stmcufinder\plugins\mcufinder
2020-12-30 17:50:20,013 [INFO] DbBoardsDocs:112 - Set database path to: C:\Users\doria\.stmcufinder\plugins\mcufinder//mcu/
2020-12-30 17:50:20,014 [WARN] DbFile:36 - Overriding database path with different value: C:\Users\doria\.stmcufinder\plugins\mcufinder/ => C:\Users\doria\.stmcufinder\plugins\mcufinder
2020-12-30 17:50:20,014 [INFO] DbBoardsJson:56 - Set database path to: C:\Users\doria\.stmcufinder\plugins\mcufinder//mcu/
2020-12-30 17:50:20,014 [WARN] DbFile:36 - Overriding database path with different value: C:\Users\doria\.stmcufinder\plugins\mcufinder/ => C:\Users\doria\.stmcufinder\plugins\mcufinder
2020-12-30 17:50:20,014 [WARN] DbFile:36 - Overriding database path with different value: C:\Users\doria\.stmcufinder\plugins\mcufinder/ => C:\Users\doria\.stmcufinder\plugins\mcufinder
2020-12-30 17:50:20,014 [INFO] CrossReferenceDbSqlite:196 - Set database path to: C:\Users\doria\.stmcufinder\plugins\mcufinder//mcu/cs/
2020-12-30 17:50:20,015 [WARN] DbFile:36 - Overriding database path with different value: C:\Users\doria\.stmcufinder\plugins\mcufinder/ => C:\Users\doria\.stmcufinder\plugins\mcufinder
2020-12-30 17:50:20,015 [INFO] DbExamplesSqlite:699 - Set database path to: C:\Users\doria\.stmcufinder\plugins\mcufinder//mcu/
2020-12-30 17:50:20,033 [INFO] ApplicationProperties:181 - Using Application install path: C:\ST\STM32CubeIDE_1.5.0\STM32CubeIDE\plugins\com.st.stm32cube.common.mx_6.1.1.202012091304
2020-12-30 17:50:20,035 [INFO] PluginManage:178 - Search for loadable plugins [exclusion list=, ]
2020-12-30 17:50:20,037 [INFO] PluginManage:292 - Check plugin analytics
2020-12-30 17:50:20,174 [INFO] AnalyticsPlugin:225 - Accepted Software Licenses: 
2020-12-30 17:50:20,175 [INFO] AnalyticsPlugin:227 - Accepted CMSIS Pack Licenses: 
2020-12-30 17:50:20,176 [INFO] AnalyticsPlugin:229 - Accepted Firmware Licenses: 
2020-12-30 17:50:20,176 [INFO] PluginManage:342 - Loaded plugin analytics (category:tool,tabindex:-1)
2020-12-30 17:50:20,177 [INFO] PluginManage:292 - Check plugin clock
2020-12-30 17:50:20,188 [INFO] PluginManage:342 - Loaded plugin clock (category:base,tabindex:2)
2020-12-30 17:50:20,188 [INFO] PluginManage:292 - Check plugin ddr
2020-12-30 17:50:20,190 [INFO] PluginManage:342 - Loaded plugin ddr (category:tool,tabindex:6)
2020-12-30 17:50:20,191 [INFO] PluginManage:292 - Check plugin filemanager
2020-12-30 17:50:20,344 [INFO] PluginManage:342 - Loaded plugin filemanager (category:base,tabindex:10)
2020-12-30 17:50:20,344 [INFO] PluginManage:292 - Check plugin ipmanager
2020-12-30 17:50:20,361 [INFO] PluginManage:342 - Loaded plugin ipmanager (category:base,tabindex:5)
2020-12-30 17:50:20,361 [INFO] PluginManage:292 - Check plugin pinoutandconfiguration
2020-12-30 17:50:20,370 [INFO] PluginManage:342 - Loaded plugin pinoutandconfiguration (category:base,tabindex:1)
2020-12-30 17:50:20,371 [INFO] PluginManage:292 - Check plugin pinoutconfig
2020-12-30 17:50:20,396 [INFO] PluginManage:342 - Loaded plugin pinoutconfig (category:base,tabindex:0)
2020-12-30 17:50:20,396 [INFO] PluginManage:292 - Check plugin power
2020-12-30 17:50:20,411 [INFO] PluginManage:342 - Loaded plugin power (category:power,tabindex:4)
2020-12-30 17:50:20,412 [INFO] PluginManage:292 - Check plugin projectmanager
2020-12-30 17:50:20,431 [INFO] PluginManage:342 - Loaded plugin projectmanager (category:projectmanager,tabindex:3)
2020-12-30 17:50:20,432 [INFO] PluginManage:292 - Check plugin thirdparty
2020-12-30 17:50:20,541 [INFO] PluginManage:342 - Loaded plugin thirdparty (category:base,tabindex:-1)
2020-12-30 17:50:20,541 [WARN] IntegrityCheckThread:59 - waiting for thirdparty lock release [integrity check]
2020-12-30 17:50:20,541 [INFO] PluginManage:292 - Check plugin tools
2020-12-30 17:50:20,542 [INFO] IntegrityCheckThread:61 - entering critical section [integrity check]
2020-12-30 17:50:20,542 [INFO] ThirdPartyUpdaterWithRetryManager:56 - Updater plugin not ready yet. [1/15]
2020-12-30 17:50:20,545 [INFO] PluginManage:342 - Loaded plugin tools (category:base,tabindex:7)
2020-12-30 17:50:20,546 [INFO] PluginManage:292 - Check plugin tutovideos
2020-12-30 17:50:20,744 [INFO] PluginManage:342 - Loaded plugin tutovideos (category:base,tabindex:-1)
2020-12-30 17:50:20,744 [INFO] PluginManage:292 - Check plugin updater
2020-12-30 17:50:20,757 [INFO] PluginManage:342 - Loaded plugin updater (category:base,tabindex:12)
2020-12-30 17:50:20,758 [INFO] PluginManage:265 - PluginManage : Loaded plugins [13]
2020-12-30 17:50:20,935 [INFO] PinOutPanel:1434 - setPackage(No Configuration,No Configuration)
2020-12-30 17:50:21,041 [INFO] IPUIPlugin:64 - create IPUIPlugin
2020-12-30 17:50:21,041 [INFO] PluginManager:203 - loadIPPluginJar : add adc
2020-12-30 17:50:21,044 [INFO] IPUIPlugin:64 - create IPUIPlugin
2020-12-30 17:50:21,044 [INFO] PluginManager:203 - loadIPPluginJar : add aes
2020-12-30 17:50:21,046 [INFO] IPUIPlugin:64 - create IPUIPlugin
2020-12-30 17:50:21,047 [INFO] PluginManager:203 - loadIPPluginJar : add can
2020-12-30 17:50:21,048 [INFO] IPUIPlugin:64 - create IPUIPlugin
2020-12-30 17:50:21,049 [INFO] PluginManager:203 - loadIPPluginJar : add comp
2020-12-30 17:50:21,052 [INFO] IPUIPlugin:64 - create IPUIPlugin
2020-12-30 17:50:21,053 [INFO] PluginManager:203 - loadIPPluginJar : add cryp
2020-12-30 17:50:21,055 [INFO] IPUIPlugin:64 - create IPUIPlugin
2020-12-30 17:50:21,055 [INFO] PluginManager:203 - loadIPPluginJar : add dfsdm
2020-12-30 17:50:21,061 [INFO] IPUIPlugin:64 - create IPUIPlugin
2020-12-30 17:50:21,062 [INFO] PluginManager:203 - loadIPPluginJar : add dma
2020-12-30 17:50:21,064 [INFO] IPUIPlugin:64 - create IPUIPlugin
2020-12-30 17:50:21,064 [INFO] PluginManager:203 - loadIPPluginJar : add fatfs
2020-12-30 17:50:21,068 [INFO] IPUIPlugin:64 - create IPUIPlugin
2020-12-30 17:50:21,068 [INFO] PluginManager:203 - loadIPPluginJar : add fmc
2020-12-30 17:50:21,073 [INFO] IPUIPlugin:64 - create IPUIPlugin
2020-12-30 17:50:21,073 [INFO] PluginManager:203 - loadIPPluginJar : add freertos
2020-12-30 17:50:21,075 [INFO] IPUIPlugin:64 - create IPUIPlugin
2020-12-30 17:50:21,075 [INFO] PluginManager:203 - loadIPPluginJar : add genericplugin
2020-12-30 17:50:21,077 [INFO] IPUIPlugin:64 - create IPUIPlugin
2020-12-30 17:50:21,077 [INFO] PluginManager:203 - loadIPPluginJar : add gfxmmu
2020-12-30 17:50:21,082 [INFO] IPUIPlugin:64 - create IPUIPlugin
2020-12-30 17:50:21,082 [INFO] PluginManager:203 - loadIPPluginJar : add gic
2020-12-30 17:50:21,085 [INFO] IPUIPlugin:64 - create IPUIPlugin
2020-12-30 17:50:21,086 [INFO] PluginManager:203 - loadIPPluginJar : add gpio
2020-12-30 17:50:21,088 [INFO] IPUIPlugin:64 - create IPUIPlugin
2020-12-30 17:50:21,088 [INFO] PluginManager:203 - loadIPPluginJar : add gtzc
2020-12-30 17:50:21,090 [INFO] IPUIPlugin:64 - create IPUIPlugin
2020-12-30 17:50:21,090 [INFO] PluginManager:203 - loadIPPluginJar : add hash
2020-12-30 17:50:21,092 [INFO] IPUIPlugin:64 - create IPUIPlugin
2020-12-30 17:50:21,092 [INFO] PluginManager:203 - loadIPPluginJar : add i2c
2020-12-30 17:50:21,094 [INFO] IPUIPlugin:64 - create IPUIPlugin
2020-12-30 17:50:21,095 [INFO] PluginManager:203 - loadIPPluginJar : add i2s
2020-12-30 17:50:21,097 [INFO] IPUIPlugin:64 - create IPUIPlugin
2020-12-30 17:50:21,097 [INFO] PluginManager:203 - loadIPPluginJar : add ipddr
2020-12-30 17:50:21,099 [INFO] IPUIPlugin:64 - create IPUIPlugin
2020-12-30 17:50:21,100 [INFO] PluginManager:203 - loadIPPluginJar : add lorawan
2020-12-30 17:50:21,101 [INFO] IPUIPlugin:64 - create IPUIPlugin
2020-12-30 17:50:21,101 [INFO] PluginManager:203 - loadIPPluginJar : add ltdc
2020-12-30 17:50:21,104 [INFO] IPUIPlugin:64 - create IPUIPlugin
2020-12-30 17:50:21,105 [INFO] PluginManager:203 - loadIPPluginJar : add mdma
2020-12-30 17:50:21,107 [INFO] IPUIPlugin:64 - create IPUIPlugin
2020-12-30 17:50:21,108 [INFO] PluginManager:203 - loadIPPluginJar : add nvic
2020-12-30 17:50:21,110 [INFO] IPUIPlugin:64 - create IPUIPlugin
2020-12-30 17:50:21,110 [INFO] PluginManager:203 - loadIPPluginJar : add opamp
2020-12-30 17:50:21,113 [INFO] IPUIPlugin:64 - create IPUIPlugin
2020-12-30 17:50:21,113 [INFO] PluginManager:203 - loadIPPluginJar : add openamp
2020-12-30 17:50:21,115 [INFO] IPUIPlugin:64 - create IPUIPlugin
2020-12-30 17:50:21,116 [INFO] PluginManager:203 - loadIPPluginJar : add pdm2pcm
2020-12-30 17:50:21,121 [INFO] IPUIPlugin:64 - create IPUIPlugin
2020-12-30 17:50:21,124 [INFO] PluginManager:203 - loadIPPluginJar : add plateformsettings
2020-12-30 17:50:21,125 [INFO] IPUIPlugin:64 - create IPUIPlugin
2020-12-30 17:50:21,126 [INFO] PluginManager:203 - loadIPPluginJar : add quadspi
2020-12-30 17:50:21,128 [INFO] IPUIPlugin:64 - create IPUIPlugin
2020-12-30 17:50:21,128 [INFO] PluginManager:203 - loadIPPluginJar : add resmgrutility
2020-12-30 17:50:21,131 [INFO] IPUIPlugin:64 - create IPUIPlugin
2020-12-30 17:50:21,131 [INFO] PluginManager:203 - loadIPPluginJar : add sai
2020-12-30 17:50:21,133 [INFO] IPUIPlugin:64 - create IPUIPlugin
2020-12-30 17:50:21,133 [INFO] PluginManager:203 - loadIPPluginJar : add spi
2020-12-30 17:50:21,137 [INFO] IPUIPlugin:64 - create IPUIPlugin
2020-12-30 17:50:21,137 [INFO] PluginManager:203 - loadIPPluginJar : add stm32_wpan
2020-12-30 17:50:21,138 [INFO] IPUIPlugin:64 - create IPUIPlugin
2020-12-30 17:50:21,138 [INFO] PluginManager:203 - loadIPPluginJar : add tim
2020-12-30 17:50:21,141 [INFO] IPUIPlugin:64 - create IPUIPlugin
2020-12-30 17:50:21,141 [INFO] PluginManager:203 - loadIPPluginJar : add touchsensing
2020-12-30 17:50:21,143 [INFO] IPUIPlugin:64 - create IPUIPlugin
2020-12-30 17:50:21,144 [INFO] PluginManager:203 - loadIPPluginJar : add tracer_emb
2020-12-30 17:50:21,146 [INFO] IPUIPlugin:64 - create IPUIPlugin
2020-12-30 17:50:21,146 [INFO] PluginManager:203 - loadIPPluginJar : add ts
2020-12-30 17:50:21,148 [INFO] IPUIPlugin:64 - create IPUIPlugin
2020-12-30 17:50:21,148 [INFO] PluginManager:203 - loadIPPluginJar : add tsc
2020-12-30 17:50:21,149 [INFO] IPUIPlugin:64 - create IPUIPlugin
2020-12-30 17:50:21,150 [INFO] PluginManager:203 - loadIPPluginJar : add ucpd
2020-12-30 17:50:21,152 [INFO] IPUIPlugin:64 - create IPUIPlugin
2020-12-30 17:50:21,152 [INFO] PluginManager:203 - loadIPPluginJar : add usart
2020-12-30 17:50:21,422 [FATAL] Updater:284 - Updater called before beeing initialized
2020-12-30 17:50:21,533 [FATAL] Updater:284 - Updater called before beeing initialized
2020-12-30 17:50:21,569 [WARN] DetailPanel:347 - Failed to get advertising image, set to default
2020-12-30 17:50:21,572 [FATAL] Updater:284 - Updater called before beeing initialized
2020-12-30 17:50:21,572 [WARN] DetailPanel:347 - Failed to get advertising image, set to default
2020-12-30 17:50:21,619 [FATAL] Updater:284 - Updater called before beeing initialized
2020-12-30 17:50:21,619 [WARN] ThirdParty:783 - waiting for thirdparty lock release [close project]
2020-12-30 17:50:23,543 [INFO] ThirdPartyUpdaterWithRetryManager:56 - Updater plugin not ready yet. [2/15]
2020-12-30 17:50:26,543 [FATAL] Updater:284 - Updater called before beeing initialized
2020-12-30 17:50:26,543 [ERROR] AbstractThirdPartyUpdaterManager:153 - java.lang.Integer cannot be cast to java.util.List
2020-12-30 17:50:26,543 [INFO] ThirdParty:887 - Integrity check success = false
2020-12-30 17:50:26,544 [INFO] IntegrityCheckThread:75 - exiting critical section [integrity check]
2020-12-30 17:50:26,544 [INFO] IntegrityCheckThread:78 - End integrity checks thread
2020-12-30 17:50:26,544 [INFO] ThirdParty:785 - entering critical section [close project]
2020-12-30 17:50:26,545 [INFO] ThirdParty:796 - exiting critical section [close project]
2020-12-30 17:50:26,549 [INFO] PinOutPanel:1434 - setPackage(No Configuration,No Configuration)
2020-12-30 17:50:26,550 [FATAL] Updater:284 - Updater called before beeing initialized
2020-12-30 17:50:26,556 [ERROR] Updater:1065 - MainUpdater not yet initialized. External WinMGr cannot be set.
2020-12-30 17:50:26,558 [INFO] Updater:1002 - Updater Version found : 6.1.1
2020-12-30 17:50:26,577 [INFO] ApplicationProperties:181 - Using Application install path: C:\ST\STM32CubeIDE_1.5.0\STM32CubeIDE\plugins\com.st.stm32cube.common.mx_6.1.1.202012091304
2020-12-30 17:50:26,778 [INFO] MainUpdater:2644 - connection check result : 10
2020-12-30 17:50:26,779 [INFO] MainUpdater:249 - Updater Check For Update Now.
2020-12-30 17:50:26,779 [INFO] MicroXplorer:415 - Change Database Version : DB.6.0.10
2020-12-30 17:50:26,811 [INFO] CheckServerUpdateThread:102 - End of CheckServer Thread
2020-12-30 17:50:26,884 [INFO] MainUpdater:2644 - connection check result : 10
2020-12-30 17:50:26,885 [INFO] MainUpdater:2644 - connection check result : 10
2020-12-30 17:50:26,964 [INFO] MicroXplorer:385 - Change Database Path : 
2020-12-30 17:50:26,964 [INFO] MicroXplorer:415 - Change Database Version : DB.6.0.10
2020-12-30 17:50:26,965 [WARN] ThirdParty:783 - waiting for thirdparty lock release [close project]
2020-12-30 17:50:26,965 [INFO] ThirdParty:785 - entering critical section [close project]
2020-12-30 17:50:26,965 [INFO] ThirdParty:796 - exiting critical section [close project]
2020-12-30 17:50:26,967 [INFO] PinOutPanel:1434 - setPackage(No Configuration,No Configuration)
2020-12-30 17:50:26,969 [INFO] UtilMem:74 - Begin LoadConfig() Used Memory: 379472176 Bytes (611319808)
2020-12-30 17:50:26,970 [INFO] MicroXplorer:385 - Change Database Path : 
2020-12-30 17:50:26,971 [INFO] MicroXplorer:415 - Change Database Version : DB.6.0.10
2020-12-30 17:50:26,971 [INFO] OpenFileManager:274 - Change cursor
2020-12-30 17:50:26,974 [WARN] ThirdParty:204 - Use empty third party IP manager
2020-12-30 17:50:27,057 [WARN] IntegrityCheckThread:59 - waiting for thirdparty lock release [integrity check]
2020-12-30 17:50:27,057 [INFO] IntegrityCheckThread:61 - entering critical section [integrity check]
2020-12-30 17:50:27,121 [WARN] ConditionMgr:437 - getConditionDescription Invalid condition id : SIGFOX STM32 LIB Condition cause : null
2020-12-30 17:50:27,135 [WARN] ConditionMgr:437 - getConditionDescription Invalid condition id : Sigfox Third Party LIB Condition cause : null
2020-12-30 17:50:27,142 [WARN] ConditionMgr:1040 - genDependencies : Invalid condition id : SIGFOX STM32 LIB Condition cause : null
2020-12-30 17:50:27,142 [WARN] ConditionMgr:1040 - genDependencies : Invalid condition id : Sigfox Third Party LIB Condition cause : null
2020-12-30 17:50:27,143 [WARN] ConditionMgr:1040 - genDependencies : Invalid condition id : Sigfox Third Party LIB Condition cause : null
2020-12-30 17:50:27,144 [WARN] ConditionMgr:1040 - genDependencies : Invalid condition id : SIGFOX STM32 LIB Condition cause : null
2020-12-30 17:50:27,144 [WARN] ConditionMgr:1040 - genDependencies : Invalid condition id : SIGFOX STM32 LIB Condition cause : null
2020-12-30 17:50:27,144 [WARN] ConditionMgr:1040 - genDependencies : Invalid condition id : Sigfox Third Party LIB Condition cause : null
2020-12-30 17:50:27,823 [INFO] ThirdParty:887 - Integrity check success = true
2020-12-30 17:50:27,823 [INFO] IntegrityCheckThread:75 - exiting critical section [integrity check]
2020-12-30 17:50:27,823 [INFO] IntegrityCheckThread:78 - End integrity checks thread
2020-12-30 17:50:31,430 [WARN] ApiManager:294 - Cannot register API 'Board Extension:S2868A1' from pack STMicroelectronics.X-CUBE-SUBG2.3.0.0: no header file found
2020-12-30 17:50:31,431 [WARN] ApiManager:294 - Cannot register API 'Board Extension:S2868A2' from pack STMicroelectronics.X-CUBE-SUBG2.3.0.0: no header file found
2020-12-30 17:50:31,431 [WARN] ApiManager:294 - Cannot register API 'Board Extension:S2915A1' from pack STMicroelectronics.X-CUBE-SUBG2.3.0.0: no header file found
2020-12-30 17:50:31,439 [WARN] ModelIntegratedComponent:51 - No mode defined for component null
2020-12-30 17:50:31,439 [WARN] ModelIntegratedComponent:51 - No mode defined for component null
2020-12-30 17:50:31,439 [WARN] ModelIntegratedComponent:51 - No mode defined for component null
2020-12-30 17:50:31,439 [WARN] ModelIntegratedComponent:51 - No mode defined for component null
2020-12-30 17:50:31,439 [WARN] ModelIntegratedComponent:51 - No mode defined for component null
2020-12-30 17:50:31,439 [WARN] ModelIntegratedComponent:51 - No mode defined for component null
2020-12-30 17:50:31,439 [WARN] ModelIntegratedComponent:51 - No mode defined for component null
2020-12-30 17:50:31,439 [WARN] ModelIntegratedComponent:51 - No mode defined for component null
2020-12-30 17:50:31,440 [WARN] ModelIntegratedComponent:51 - No mode defined for component null
2020-12-30 17:50:31,440 [WARN] ModelIntegratedComponent:51 - No mode defined for component null
2020-12-30 17:50:31,440 [WARN] ModelIntegratedComponent:51 - No mode defined for component null
2020-12-30 17:50:31,440 [WARN] ModelIntegratedComponent:51 - No mode defined for component null
2020-12-30 17:50:31,440 [WARN] ModelIntegratedComponent:51 - No mode defined for component null
2020-12-30 17:50:31,440 [WARN] ModelIntegratedComponent:51 - No mode defined for component null
2020-12-30 17:50:31,440 [WARN] ModelIntegratedComponent:51 - No mode defined for component null
2020-12-30 17:50:31,440 [WARN] ModelIntegratedComponent:51 - No mode defined for component null
2020-12-30 17:50:31,440 [WARN] ModelIntegratedComponent:51 - No mode defined for component null
2020-12-30 17:50:31,440 [WARN] ModelIntegratedComponent:51 - No mode defined for component null
2020-12-30 17:50:31,441 [WARN] ModelIntegratedComponent:51 - No mode defined for component null
2020-12-30 17:50:31,441 [WARN] ModelIntegratedComponent:51 - No mode defined for component null
2020-12-30 17:50:31,441 [WARN] ModelIntegratedComponent:51 - No mode defined for component null
2020-12-30 17:50:31,441 [WARN] ModelIntegratedComponent:51 - No mode defined for component null
2020-12-30 17:50:31,441 [WARN] ModelIntegratedComponent:51 - No mode defined for component null
2020-12-30 17:50:31,441 [WARN] ModelIntegratedComponent:51 - No mode defined for component null
2020-12-30 17:50:31,441 [WARN] ModelIntegratedComponent:51 - No mode defined for component null
2020-12-30 17:50:31,441 [WARN] ModelIntegratedComponent:51 - No mode defined for component null
2020-12-30 17:50:31,441 [WARN] ModelIntegratedComponent:51 - No mode defined for component null
2020-12-30 17:50:31,441 [WARN] ModelIntegratedComponent:51 - No mode defined for component null
2020-12-30 17:50:31,442 [WARN] ModelIntegratedComponent:51 - No mode defined for component null
2020-12-30 17:50:31,442 [WARN] ModelIntegratedComponent:51 - No mode defined for component null
2020-12-30 17:50:31,442 [WARN] ModelIntegratedComponent:51 - No mode defined for component null
2020-12-30 17:50:31,442 [WARN] ModelIntegratedComponent:51 - No mode defined for component null
2020-12-30 17:50:31,442 [WARN] ModelIntegratedComponent:51 - No mode defined for component null
2020-12-30 17:50:31,442 [WARN] ModelIntegratedComponent:51 - No mode defined for component null
2020-12-30 17:50:31,442 [WARN] ModelIntegratedComponent:51 - No mode defined for component null
2020-12-30 17:50:31,442 [WARN] ModelIntegratedComponent:51 - No mode defined for component null
2020-12-30 17:50:31,442 [WARN] ModelIntegratedComponent:51 - No mode defined for component null
2020-12-30 17:50:31,442 [WARN] ModelIntegratedComponent:51 - No mode defined for component null
2020-12-30 17:50:31,446 [WARN] ApiManager:294 - Cannot register API 'Board Extension:S2868A1' from pack STMicroelectronics.X-CUBE-SFXS2LP1.2.0.0: no header file found
2020-12-30 17:50:31,446 [WARN] ApiManager:294 - Cannot register API 'Board Extension:S2868A2' from pack STMicroelectronics.X-CUBE-SFXS2LP1.2.0.0: no header file found
2020-12-30 17:50:31,446 [WARN] ApiManager:294 - Cannot register API 'Board Extension:S2915A1' from pack STMicroelectronics.X-CUBE-SFXS2LP1.2.0.0: no header file found
2020-12-30 17:50:31,648 [WARN] ApiManager:294 - Cannot register API 'Board Extension:IKS01A3' from pack STMicroelectronics.X-CUBE-MEMS1.8.2.0: no header file found
2020-12-30 17:50:31,649 [WARN] ApiManager:294 - Cannot register API 'Board Extension:IKS01A2' from pack STMicroelectronics.X-CUBE-MEMS1.8.2.0: no header file found
2020-12-30 17:50:31,649 [WARN] ApiManager:294 - Cannot register API 'Board Extension:IKS02A1' from pack STMicroelectronics.X-CUBE-MEMS1.8.2.0: no header file found
2020-12-30 17:50:31,659 [WARN] ApiManager:294 - Cannot register API 'Board Extension:EEPRMA1' from pack STMicroelectronics.X-CUBE-EEPRMA1.3.0.0: no header file found
2020-12-30 17:50:31,659 [WARN] ApiManager:294 - Cannot register API 'Board Extension:EEPRMA2' from pack STMicroelectronics.X-CUBE-EEPRMA1.3.0.0: no header file found
2020-12-30 17:50:31,661 [INFO] RtosManager:464 - Registered RTOS mode: class=CMSIS, group=RTOS, mode=CMSIS_V1, owner=FREERTOS
2020-12-30 17:50:31,662 [INFO] RtosManager:464 - Registered RTOS mode: class=CMSIS, group=RTOS2, mode=CMSIS_V2, owner=FREERTOS
2020-12-30 17:50:31,662 [INFO] RtosManager:464 - Registered RTOS mode: class=RTOS, group=Core, mode=CMSIS_V1, owner=FREERTOS
2020-12-30 17:50:31,662 [INFO] RtosManager:464 - Registered RTOS mode: class=RTOS, group=Core, mode=CMSIS_V2, owner=FREERTOS
2020-12-30 17:50:31,662 [WARN] ModelIntegratedComponent:182 - Missing modes for component STMicroelectronics:FreeRTOS:0.0.1:STMicroelectronics:RTOS:FreeRTOS:Core:::10.2.0:
2020-12-30 17:50:31,664 [WARN] ApiManager:294 - Cannot register API 'Board Extension:GNSS1A1' from pack STMicroelectronics.X-CUBE-GNSS1.5.1.0: no header file found
2020-12-30 17:50:31,665 [WARN] ApiManager:294 - Cannot register API 'Board Support:Custom' from pack STMicroelectronics.X-CUBE-GNSS1.5.1.0: no header file found
2020-12-30 17:50:31,665 [WARN] ApiManager:294 - Cannot register API 'Data Exchange:lib_gnss' from pack STMicroelectronics.X-CUBE-GNSS1.5.1.0: no header file found
2020-12-30 17:50:31,666 [WARN] ApiManager:294 - Cannot register API 'Wireless:BlueNRG-MS' from pack STMicroelectronics.X-CUBE-BLE1.6.1.0: no header file found
2020-12-30 17:50:31,667 [WARN] ApiManager:294 - Cannot register API 'Board Extension:NFC04A1' from pack STMicroelectronics.X-CUBE-NFC4.2.0.1: no header file found
2020-12-30 17:50:31,669 [WARN] ApiManager:294 - Cannot register API 'Wireless:BlueNRG-2' from pack STMicroelectronics.X-CUBE-BLE2.3.1.0: no header file found
2020-12-30 17:50:32,290 [INFO] UtilMem:74 - End LoadConfig() Used Memory: 312120720 Bytes (611319808)
2020-12-30 17:50:32,291 [INFO] DbMcusXml:97 - Load MCU database from C:\ST\STM32CubeIDE_1.5.0\STM32CubeIDE\plugins\com.st.stm32cube.common.mx_6.1.1.202012091304\\db\/mcu/families.xml
2020-12-30 17:50:32,838 [INFO] DbMcusJson:92 - JSON generation date=Wed Dec 09 12:22:40 EST 2020 (1607534560)
2020-12-30 17:50:33,635 [INFO] DbMcus:176 - Found 1835 MCUs (1796 are supported by CubeMX, 1804 are visible in CubeMX)
2020-12-30 17:50:33,636 [INFO] ApiDb:238 - Load user favorites file C:\Users\doria/.stm32cubeide/favorites.mcus.txt: 0 item(s)
2020-12-30 17:50:33,636 [INFO] ApiDb:242 - User favorites MCUs=[]
2020-12-30 17:50:33,637 [INFO] DbMcus:188 - Set 0 / 0 favorites MCUs
2020-12-30 17:50:33,646 [WARN] ThirdParty:749 - waiting for thirdparty lock release [change project]
2020-12-30 17:50:33,646 [INFO] ThirdParty:751 - entering critical section [change project]
2020-12-30 17:50:33,646 [INFO] ThirdParty:939 - CMSIS Pack Vendor :STMicroelectronics USB_HOST 2.0.0
2020-12-30 17:50:33,646 [INFO] ThirdParty:939 - CMSIS Pack Vendor :STMicroelectronics X-CUBE-SUBG2 3.0.0
2020-12-30 17:50:33,646 [INFO] ThirdParty:939 - CMSIS Pack Vendor :STMicroelectronics USB_DEVICE 3.0.0
2020-12-30 17:50:33,646 [INFO] ThirdParty:939 - CMSIS Pack Vendor :STMicroelectronics HAL Drivers 0.0.0
2020-12-30 17:50:33,646 [INFO] ThirdParty:939 - CMSIS Pack Vendor :STMicroelectronics MBEDTLS 2.16.2
2020-12-30 17:50:33,647 [INFO] ThirdParty:939 - CMSIS Pack Vendor :STMicroelectronics X-CUBE-SFXS2LP1 2.0.0
2020-12-30 17:50:33,647 [INFO] ThirdParty:939 - CMSIS Pack Vendor :STMicroelectronics MBEDTLS 2.14.1
2020-12-30 17:50:33,647 [INFO] ThirdParty:939 - CMSIS Pack Vendor :STMicroelectronics USB_DEVICE 2.0.0
2020-12-30 17:50:33,647 [INFO] ThirdParty:939 - CMSIS Pack Vendor :STMicroelectronics X-CUBE-MEMS1 8.2.0
2020-12-30 17:50:33,647 [INFO] ThirdParty:939 - CMSIS Pack Vendor :STMicroelectronics X-CUBE-EEPRMA1 3.0.0
2020-12-30 17:50:33,647 [INFO] ThirdParty:939 - CMSIS Pack Vendor :STMicroelectronics X-CUBE-DISPLAY 1.0.0
2020-12-30 17:50:33,647 [INFO] ThirdParty:939 - CMSIS Pack Vendor :STMicroelectronics FreeRTOS 0.0.1
2020-12-30 17:50:33,647 [INFO] ThirdParty:939 - CMSIS Pack Vendor :STMicroelectronics USB_DEVICE 1.0.0
2020-12-30 17:50:33,647 [INFO] ThirdParty:939 - CMSIS Pack Vendor :STMicroelectronics X-CUBE-ALGOBUILD 1.1.0
2020-12-30 17:50:33,647 [INFO] ThirdParty:939 - CMSIS Pack Vendor :STMicroelectronics X-CUBE-GNSS1 5.1.0
2020-12-30 17:50:33,647 [INFO] ThirdParty:939 - CMSIS Pack Vendor :STMicroelectronics X-CUBE-BLE1 6.1.0
2020-12-30 17:50:33,647 [INFO] ThirdParty:939 - CMSIS Pack Vendor :STMicroelectronics lwIP 2.0.3
2020-12-30 17:50:33,647 [INFO] ThirdParty:939 - CMSIS Pack Vendor :STMicroelectronics lwIP 2.1.2
2020-12-30 17:50:33,648 [INFO] ThirdParty:939 - CMSIS Pack Vendor :STMicroelectronics USB_HOST 1.0.0
2020-12-30 17:50:33,648 [INFO] ThirdParty:939 - CMSIS Pack Vendor :STMicroelectronics X-CUBE-TOUCHGFX 4.15.0
2020-12-30 17:50:33,648 [INFO] ThirdParty:939 - CMSIS Pack Vendor :STMicroelectronics X-CUBE-NFC4 2.0.1
2020-12-30 17:50:33,648 [INFO] ThirdParty:939 - CMSIS Pack Vendor :STMicroelectronics X-CUBE-AI 5.2.0
2020-12-30 17:50:33,648 [INFO] ThirdParty:939 - CMSIS Pack Vendor :STMicroelectronics PDM2PCM 3.1.0
2020-12-30 17:50:33,648 [INFO] ThirdParty:939 - CMSIS Pack Vendor :STMicroelectronics X-CUBE-TOUCHGFX 4.16.0
2020-12-30 17:50:33,648 [INFO] ThirdParty:939 - CMSIS Pack Vendor :STMicroelectronics PDM2PCM 3.2.0
2020-12-30 17:50:33,648 [INFO] ThirdParty:939 - CMSIS Pack Vendor :STMicroelectronics X-CUBE-BLE2 3.1.0
2020-12-30 17:50:33,648 [INFO] ThirdParty:939 - CMSIS Pack Vendor :STMicroelectronics PDM2PCM 3.3.0
2020-12-30 17:50:33,648 [INFO] ThirdParty:757 - exiting critical section [change project]
2020-12-30 17:50:34,043 [INFO] PinOutPanel:1434 - setPackage(No Configuration,No Configuration)
2020-12-30 17:50:34,045 [INFO] PinOutPanel:1434 - setPackage(STM32F767ZITx,LQFP144)
2020-12-30 17:50:34,721 [INFO] UtilMem:74 - Before build in PCC Used Memory: 428169112 Bytes (698351616)
2020-12-30 17:50:35,206 [INFO] SharedServices:72 - Folder for power plug-in: C:/Users/doria/.stm32cubemx/plugins/power
2020-12-30 17:50:35,262 [INFO] SharedServices:72 - Folder for power plug-in: C:/Users/doria/.stm32cubemx/plugins/power
2020-12-30 17:50:35,326 [INFO] SharedServices:72 - Folder for power plug-in: C:/Users/doria/.stm32cubemx/plugins/power
2020-12-30 17:50:35,337 [INFO] SharedServices:72 - Folder for power plug-in: C:/Users/doria/.stm32cubemx/plugins/power
2020-12-30 17:50:35,533 [INFO] UtilMem:74 - After build in PCC Used Memory: 466440096 Bytes (698351616)
2020-12-30 17:50:35,566 [INFO] IPUIPlugin:64 - create IPUIPlugin
2020-12-30 17:50:35,567 [INFO] IPUIPlugin:64 - create IPUIPlugin
2020-12-30 17:50:35,567 [INFO] IPUIPlugin:64 - create IPUIPlugin
2020-12-30 17:50:35,567 [INFO] IPUIPlugin:64 - create IPUIPlugin
2020-12-30 17:50:35,567 [INFO] IPUIPlugin:64 - create IPUIPlugin
2020-12-30 17:50:35,568 [INFO] IPUIPlugin:64 - create IPUIPlugin
2020-12-30 17:50:35,568 [INFO] IPUIPlugin:64 - create IPUIPlugin
2020-12-30 17:50:35,568 [INFO] IPUIPlugin:64 - create IPUIPlugin
2020-12-30 17:50:35,568 [INFO] IPUIPlugin:64 - create IPUIPlugin
2020-12-30 17:50:35,569 [INFO] IPUIPlugin:64 - create IPUIPlugin
2020-12-30 17:50:35,569 [INFO] IPUIPlugin:64 - create IPUIPlugin
2020-12-30 17:50:35,569 [INFO] IPUIPlugin:64 - create IPUIPlugin
2020-12-30 17:50:35,569 [INFO] IPUIPlugin:64 - create IPUIPlugin
2020-12-30 17:50:35,569 [INFO] IPUIPlugin:64 - create IPUIPlugin
2020-12-30 17:50:35,569 [INFO] IPUIPlugin:64 - create IPUIPlugin
2020-12-30 17:50:35,570 [INFO] IPUIPlugin:64 - create IPUIPlugin
2020-12-30 17:50:35,570 [INFO] IPUIPlugin:64 - create IPUIPlugin
2020-12-30 17:50:35,570 [INFO] IPUIPlugin:64 - create IPUIPlugin
2020-12-30 17:50:35,571 [INFO] IPUIPlugin:64 - create IPUIPlugin
2020-12-30 17:50:35,571 [INFO] IPUIPlugin:64 - create IPUIPlugin
2020-12-30 17:50:35,571 [INFO] IPUIPlugin:64 - create IPUIPlugin
2020-12-30 17:50:35,571 [INFO] IPUIPlugin:64 - create IPUIPlugin
2020-12-30 17:50:35,571 [INFO] IPUIPlugin:64 - create IPUIPlugin
2020-12-30 17:50:35,571 [INFO] IPUIPlugin:64 - create IPUIPlugin
2020-12-30 17:50:35,572 [INFO] IPUIPlugin:64 - create IPUIPlugin
2020-12-30 17:50:35,572 [INFO] IPUIPlugin:64 - create IPUIPlugin
2020-12-30 17:50:35,572 [INFO] IPUIPlugin:64 - create IPUIPlugin
2020-12-30 17:50:35,572 [INFO] IPUIPlugin:64 - create IPUIPlugin
2020-12-30 17:50:35,573 [INFO] IPUIPlugin:64 - create IPUIPlugin
2020-12-30 17:50:35,573 [INFO] IPUIPlugin:64 - create IPUIPlugin
2020-12-30 17:50:35,573 [INFO] IPUIPlugin:64 - create IPUIPlugin
2020-12-30 17:50:35,573 [INFO] IPUIPlugin:64 - create IPUIPlugin
2020-12-30 17:50:35,574 [INFO] IPUIPlugin:64 - create IPUIPlugin
2020-12-30 17:50:35,574 [INFO] IPUIPlugin:64 - create IPUIPlugin
2020-12-30 17:50:35,574 [INFO] IPUIPlugin:64 - create IPUIPlugin
2020-12-30 17:50:35,575 [INFO] IPUIPlugin:64 - create IPUIPlugin
2020-12-30 17:50:35,575 [INFO] IPUIPlugin:64 - create IPUIPlugin
2020-12-30 17:50:35,575 [INFO] IPUIPlugin:64 - create IPUIPlugin
2020-12-30 17:50:35,576 [INFO] IPUIPlugin:64 - create IPUIPlugin
2020-12-30 17:50:35,576 [INFO] IPUIPlugin:64 - create IPUIPlugin
2020-12-30 17:50:35,576 [INFO] IPUIPlugin:64 - create IPUIPlugin
2020-12-30 17:50:35,577 [INFO] IPUIPlugin:64 - create IPUIPlugin
2020-12-30 17:50:35,577 [INFO] IPUIPlugin:64 - create IPUIPlugin
2020-12-30 17:50:35,577 [INFO] IPUIPlugin:64 - create IPUIPlugin
2020-12-30 17:50:35,578 [INFO] IPUIPlugin:64 - create IPUIPlugin
2020-12-30 17:50:35,578 [INFO] IPUIPlugin:64 - create IPUIPlugin
2020-12-30 17:50:35,578 [INFO] IPUIPlugin:64 - create IPUIPlugin
2020-12-30 17:50:35,578 [INFO] IPUIPlugin:64 - create IPUIPlugin
2020-12-30 17:50:35,579 [INFO] IPUIPlugin:64 - create IPUIPlugin
2020-12-30 17:50:35,579 [INFO] IPUIPlugin:64 - create IPUIPlugin
2020-12-30 17:50:35,579 [INFO] IPUIPlugin:64 - create IPUIPlugin
2020-12-30 17:50:35,580 [INFO] IPUIPlugin:64 - create IPUIPlugin
2020-12-30 17:50:35,580 [INFO] IPUIPlugin:64 - create IPUIPlugin
2020-12-30 17:50:35,580 [INFO] IPUIPlugin:64 - create IPUIPlugin
2020-12-30 17:50:35,581 [INFO] IPUIPlugin:64 - create IPUIPlugin
2020-12-30 17:50:35,581 [INFO] IPUIPlugin:64 - create IPUIPlugin
2020-12-30 17:50:35,582 [INFO] IPUIPlugin:64 - create IPUIPlugin
2020-12-30 17:50:35,582 [INFO] IPUIPlugin:64 - create IPUIPlugin
2020-12-30 17:50:35,582 [INFO] IPUIPlugin:64 - create IPUIPlugin
2020-12-30 17:50:35,583 [INFO] IPUIPlugin:64 - create IPUIPlugin
2020-12-30 17:50:35,583 [INFO] IPUIPlugin:64 - create IPUIPlugin
2020-12-30 17:50:35,584 [INFO] IPUIPlugin:64 - create IPUIPlugin
2020-12-30 17:50:35,584 [INFO] IPUIPlugin:64 - create IPUIPlugin
2020-12-30 17:50:35,585 [INFO] IPUIPlugin:64 - create IPUIPlugin
2020-12-30 17:50:35,585 [INFO] IPUIPlugin:64 - create IPUIPlugin
2020-12-30 17:50:35,586 [INFO] IPUIPlugin:64 - create IPUIPlugin
2020-12-30 17:50:35,587 [INFO] IPUIPlugin:64 - create IPUIPlugin
2020-12-30 17:50:35,587 [INFO] IPUIPlugin:64 - create IPUIPlugin
2020-12-30 17:50:35,588 [INFO] IPUIPlugin:64 - create IPUIPlugin
2020-12-30 17:50:35,589 [INFO] IPUIPlugin:64 - create IPUIPlugin
2020-12-30 17:50:35,590 [INFO] IPUIPlugin:64 - create IPUIPlugin
2020-12-30 17:50:35,590 [INFO] IPUIPlugin:64 - create IPUIPlugin
2020-12-30 17:50:35,591 [INFO] IPUIPlugin:64 - create IPUIPlugin
2020-12-30 17:50:35,592 [INFO] IPUIPlugin:64 - create IPUIPlugin
2020-12-30 17:50:35,593 [INFO] IPUIPlugin:64 - create IPUIPlugin
2020-12-30 17:50:35,594 [INFO] IPUIPlugin:64 - create IPUIPlugin
2020-12-30 17:50:35,594 [INFO] IPUIPlugin:64 - create IPUIPlugin
2020-12-30 17:50:35,595 [INFO] IPUIPlugin:64 - create IPUIPlugin
2020-12-30 17:50:35,596 [INFO] IPUIPlugin:64 - create IPUIPlugin
2020-12-30 17:50:35,650 [INFO] ApiDbMcu:456 - Load IP Config File for PDM2PCM
2020-12-30 17:50:35,682 [INFO] LogOutputStream:76 - [STDOUT_REDIRECT] toolchainItems.length=====1
2020-12-30 17:50:35,795 [INFO] OpenFileManager:294 - Restore cursor
